<?xml version="1.0" encoding="UTF-8"?>
<!-- Generated by org.testng.reporters.JUnitXMLReporter -->
<testsuite ignored="0" hostname="anhhn-HP-EliteBook-8470p" failures="0" tests="22" name="Default test" time="0.214" errors="0" timestamp="2023-08-20T00:15:55 ICT">
  <testcase classname="Common.Initialization" name="@BeforeClass beforeClass" time="-1.692465355737E9">
    <failure type="org.testng.TestNGException" message="
Parameter &amp;apos;browser&amp;apos; is required by BeforeClass on method beforeClass but has not been marked @Optional or defined
in /tmp/testng-eclipse--1095461452/testng-customsuite.xml">
      <![CDATA[org.testng.TestNGException: 
Parameter 'browser' is required by BeforeClass on method beforeClass but has not been marked @Optional or defined
in /tmp/testng-eclipse--1095461452/testng-customsuite.xml
at org.testng.internal.Parameters.createParams(Parameters.java:323)
at org.testng.internal.Parameters.createParametersForMethod(Parameters.java:411)
at org.testng.internal.Parameters.createParameters(Parameters.java:734)
at org.testng.internal.Parameters.createConfigurationParameters(Parameters.java:197)
at org.testng.internal.Invoker.invokeConfigurations(Invoker.java:224)
at org.testng.internal.Invoker.invokeConfigurations(Invoker.java:145)
at org.testng.internal.TestMethodWorker.invokeBeforeClassMethods(TestMethodWorker.java:173)
at org.testng.internal.TestMethodWorker.run(TestMethodWorker.java:118)
at org.testng.TestRunner.privateRun(TestRunner.java:724)
at org.testng.TestRunner.run(TestRunner.java:574)
at org.testng.SuiteRunner.runTest(SuiteRunner.java:398)
at org.testng.SuiteRunner.runSequentially(SuiteRunner.java:392)
at org.testng.SuiteRunner.privateRun(SuiteRunner.java:354)
at org.testng.SuiteRunner.run(SuiteRunner.java:302)
at org.testng.SuiteRunnerWorker.runSuite(SuiteRunnerWorker.java:53)
at org.testng.SuiteRunnerWorker.run(SuiteRunnerWorker.java:96)
at org.testng.TestNG.runSuitesSequentially(TestNG.java:1142)
at org.testng.TestNG.runSuitesLocally(TestNG.java:1064)
at org.testng.TestNG.runSuites(TestNG.java:994)
at org.testng.TestNG.run(TestNG.java:962)
at org.testng.remote.AbstractRemoteTestNG.run(AbstractRemoteTestNG.java:115)
at org.testng.remote.RemoteTestNG.initAndRun(RemoteTestNG.java:251)
at org.testng.remote.RemoteTestNG.main(RemoteTestNG.java:77)
]]>
    </failure>
  </testcase> <!-- @BeforeClass beforeClass -->
  <testcase classname="TestSuite.OrderProductWithLogin" name="@BeforeClass setUpClass" time="-1.692465355748E9">
    <skipped/>
  </testcase> <!-- @BeforeClass setUpClass -->
  <testcase classname="TestSuite.OrderProductWithLogin" name="@BeforeMethod setUpMethod" time="-1.692465355762E9">
    <skipped/>
  </testcase> <!-- @BeforeMethod setUpMethod -->
  <testcase classname="TestSuite.OrderProductWithLogin" name="@BeforeMethod setUpMethod" time="-1.692465355785E9">
    <skipped/>
  </testcase> <!-- @BeforeMethod setUpMethod -->
  <testcase classname="TestSuite.OrderProductWithLogin" name="@BeforeMethod setUpMethod" time="-1.692465355796E9">
    <skipped/>
  </testcase> <!-- @BeforeMethod setUpMethod -->
  <testcase classname="TestSuite.OrderProductWithLogin" name="@BeforeMethod setUpMethod" time="-1.692465355805E9">
    <skipped/>
  </testcase> <!-- @BeforeMethod setUpMethod -->
  <testcase classname="TestSuite.OrderProductWithLogin" name="@BeforeMethod setUpMethod" time="-1.692465355813E9">
    <skipped/>
  </testcase> <!-- @BeforeMethod setUpMethod -->
  <testcase classname="TestSuite.OrderProductWithLogin" name="@BeforeMethod setUpMethod" time="-1.692465355821E9">
    <skipped/>
  </testcase> <!-- @BeforeMethod setUpMethod -->
  <testcase classname="TestSuite.OrderProductWithLogin" name="@BeforeMethod setUpMethod" time="-1.692465355829E9">
    <skipped/>
  </testcase> <!-- @BeforeMethod setUpMethod -->
  <testcase classname="TestSuite.OrderProductWithLogin" name="@BeforeMethod setUpMethod" time="-1.692465355836E9">
    <skipped/>
  </testcase> <!-- @BeforeMethod setUpMethod -->
  <testcase classname="TestSuite.OrderProductWithLogin" name="@BeforeMethod setUpMethod" time="-1.692465355842E9">
    <skipped/>
  </testcase> <!-- @BeforeMethod setUpMethod -->
  <testcase classname="TestSuite.OrderProductWithLogin" name="@BeforeMethod setUpMethod" time="-1.692465355849E9">
    <skipped/>
  </testcase> <!-- @BeforeMethod setUpMethod -->
  <testcase classname="TestSuite.OrderProductWithLogin" name="@BeforeMethod setUpMethod" time="-1.692465355856E9">
    <skipped/>
  </testcase> <!-- @BeforeMethod setUpMethod -->
  <testcase classname="TestSuite.OrderProductWithLogin" name="@BeforeMethod setUpMethod" time="-1.692465355863E9">
    <skipped/>
  </testcase> <!-- @BeforeMethod setUpMethod -->
  <testcase classname="TestSuite.OrderProductWithLogin" name="@BeforeMethod setUpMethod" time="-1.69246535587E9">
    <skipped/>
  </testcase> <!-- @BeforeMethod setUpMethod -->
  <testcase classname="TestSuite.OrderProductWithLogin" name="@BeforeMethod setUpMethod" time="-1.692465355876E9">
    <skipped/>
  </testcase> <!-- @BeforeMethod setUpMethod -->
  <testcase classname="TestSuite.OrderProductWithLogin" name="@BeforeMethod setUpMethod" time="-1.692465355883E9">
    <skipped/>
  </testcase> <!-- @BeforeMethod setUpMethod -->
  <testcase classname="TestSuite.OrderProductWithLogin" name="@BeforeMethod setUpMethod" time="-1.692465355889E9">
    <skipped/>
  </testcase> <!-- @BeforeMethod setUpMethod -->
  <testcase classname="TestSuite.OrderProductWithLogin" name="@BeforeMethod setUpMethod" time="-1.692465355898E9">
    <skipped/>
  </testcase> <!-- @BeforeMethod setUpMethod -->
  <testcase classname="TestSuite.OrderProductWithLogin" name="@BeforeMethod setUpMethod" time="-1.692465355904E9">
    <skipped/>
  </testcase> <!-- @BeforeMethod setUpMethod -->
  <testcase classname="TestSuite.OrderProductWithLogin" name="@BeforeMethod setUpMethod" time="-1.69246535591E9">
    <skipped/>
  </testcase> <!-- @BeforeMethod setUpMethod -->
  <testcase classname="TestSuite.OrderProductWithLogin" name="@BeforeMethod setUpMethod" time="-1.692465355916E9">
    <skipped/>
  </testcase> <!-- @BeforeMethod setUpMethod -->
  <testcase classname="TestSuite.OrderProductWithLogin" name="@BeforeMethod setUpMethod" time="-1.692465355921E9">
    <skipped/>
  </testcase> <!-- @BeforeMethod setUpMethod -->
  <testcase classname="TestSuite.OrderProductWithLogin" name="@BeforeMethod setUpMethod" time="-1.692465355927E9">
    <skipped/>
  </testcase> <!-- @BeforeMethod setUpMethod -->
  <testcase classname="TestSuite.OrderProductWithLogin" name="TC_09_38" time="0.0">
    <skipped/>
  </testcase> <!-- TC_09_38 -->
  <testcase classname="TestSuite.OrderProductWithLogin" name="TC_09_39" time="0.0">
    <skipped/>
  </testcase> <!-- TC_09_39 -->
  <testcase classname="TestSuite.OrderProductWithLogin" name="TC_09_40" time="0.0">
    <skipped/>
  </testcase> <!-- TC_09_40 -->
  <testcase classname="TestSuite.OrderProductWithLogin" name="TC_09_41" time="0.0">
    <skipped/>
  </testcase> <!-- TC_09_41 -->
  <testcase classname="TestSuite.OrderProductWithLogin" name="TC_09_42" time="0.0">
    <skipped/>
  </testcase> <!-- TC_09_42 -->
  <testcase classname="TestSuite.OrderProductWithLogin" name="TC_09_43" time="0.0">
    <skipped/>
  </testcase> <!-- TC_09_43 -->
  <testcase classname="TestSuite.OrderProductWithLogin" name="TC_09_44" time="0.0">
    <skipped/>
  </testcase> <!-- TC_09_44 -->
  <testcase classname="TestSuite.OrderProductWithLogin" name="TC_09_45" time="0.0">
    <skipped/>
  </testcase> <!-- TC_09_45 -->
  <testcase classname="TestSuite.OrderProductWithLogin" name="TC_09_46" time="0.0">
    <skipped/>
  </testcase> <!-- TC_09_46 -->
  <testcase classname="TestSuite.OrderProductWithLogin" name="TC_09_47" time="0.0">
    <skipped/>
  </testcase> <!-- TC_09_47 -->
  <testcase classname="TestSuite.OrderProductWithLogin" name="TC_09_48" time="0.0">
    <skipped/>
  </testcase> <!-- TC_09_48 -->
  <testcase classname="TestSuite.OrderProductWithLogin" name="TC_09_49" time="0.0">
    <skipped/>
  </testcase> <!-- TC_09_49 -->
  <testcase classname="TestSuite.OrderProductWithLogin" name="TC_09_50" time="0.0">
    <skipped/>
  </testcase> <!-- TC_09_50 -->
  <testcase classname="TestSuite.OrderProductWithLogin" name="TC_09_51" time="0.0">
    <skipped/>
  </testcase> <!-- TC_09_51 -->
  <testcase classname="TestSuite.OrderProductWithLogin" name="TC_09_52" time="0.0">
    <skipped/>
  </testcase> <!-- TC_09_52 -->
  <testcase classname="TestSuite.OrderProductWithLogin" name="TC_09_53" time="0.0">
    <skipped/>
  </testcase> <!-- TC_09_53 -->
  <testcase classname="TestSuite.OrderProductWithLogin" name="TC_09_54" time="0.0">
    <skipped/>
  </testcase> <!-- TC_09_54 -->
  <testcase classname="TestSuite.OrderProductWithLogin" name="TC_09_55" time="0.0">
    <skipped/>
  </testcase> <!-- TC_09_55 -->
  <testcase classname="TestSuite.OrderProductWithLogin" name="TC_09_56" time="0.0">
    <skipped/>
  </testcase> <!-- TC_09_56 -->
  <testcase classname="TestSuite.OrderProductWithLogin" name="TC_09_57" time="0.0">
    <skipped/>
  </testcase> <!-- TC_09_57 -->
  <testcase classname="TestSuite.OrderProductWithLogin" name="TC_09_58" time="0.0">
    <skipped/>
  </testcase> <!-- TC_09_58 -->
  <testcase classname="TestSuite.OrderProductWithLogin" name="TC_09_59" time="0.0">
    <skipped/>
  </testcase> <!-- TC_09_59 -->
</testsuite> <!-- Default test -->
