<?xml version="1.0" encoding="UTF-8"?>
<!-- Generated by org.testng.reporters.JUnitXMLReporter -->
<testsuite ignored="0" hostname="anhhn-HP-EliteBook-8470p" failures="14" tests="37" name="AutoTestForWebsiteBookStore" time="546.563" errors="0" timestamp="2023-08-20T01:03:41 ICT">
  <testcase classname="TestSuite.OrderProductWithoutLogin" name="TC_09_01" time="5.449"/>
  <testcase classname="TestSuite.OrderProductWithoutLogin" name="TC_09_02" time="4.872"/>
  <testcase classname="TestSuite.OrderProductWithoutLogin" name="TC_09_03" time="5.503"/>
  <testcase classname="TestSuite.OrderProductWithoutLogin" name="TC_09_04" time="4.86"/>
  <testcase classname="TestSuite.OrderProductWithoutLogin" name="TC_09_05" time="4.697"/>
  <testcase classname="TestSuite.OrderProductWithoutLogin" name="TC_09_06" time="4.666"/>
  <testcase classname="TestSuite.OrderProductWithoutLogin" name="TC_09_07" time="4.86"/>
  <testcase classname="TestSuite.OrderProductWithoutLogin" name="TC_09_08" time="5.032"/>
  <testcase classname="TestSuite.OrderProductWithoutLogin" name="TC_09_09" time="4.955"/>
  <testcase classname="TestSuite.OrderProductWithoutLogin" name="TC_09_10" time="4.94">
    <failure type="java.lang.AssertionError" message="Value is not correct: Expected: &amp;quot;Số điện thoại không hợp lệ&amp;quot;; Actual: &amp;quot;Số điện thoại không quá 11 số&amp;quot;">
      <![CDATA[java.lang.AssertionError: Value is not correct: Expected: "Số điện thoại không hợp lệ"; Actual: "Số điện thoại không quá 11 số"
at Common.Utilities.assertString(Utilities.java:353)
at Common.Utilities.assertTextValue(Utilities.java:303)
at Common.Utilities.assertTextValueVisible(Utilities.java:310)
at CommonScreen.PaymentInfoScreen.orderProductWithoutLogin(PaymentInfoScreen.java:47)
at TestSuite.OrderProductWithoutLogin.TC_09_10(OrderProductWithoutLogin.java:75)
... Removed 26 stack frames]]>
    </failure>
  </testcase> <!-- TC_09_10 -->
  <testcase classname="TestSuite.OrderProductWithoutLogin" name="TC_09_11" time="4.579">
    <failure type="java.lang.AssertionError" message="Value is not correct: Expected: &amp;quot;Số điện thoại không hợp lệ&amp;quot;; Actual: &amp;quot;Cám ơn bạn. Đơn hàng của bạn đã được tiếp nhận.&amp;quot;">
      <![CDATA[java.lang.AssertionError: Value is not correct: Expected: "Số điện thoại không hợp lệ"; Actual: "Cám ơn bạn. Đơn hàng của bạn đã được tiếp nhận."
at Common.Utilities.assertString(Utilities.java:353)
at Common.Utilities.assertTextValue(Utilities.java:303)
at Common.Utilities.assertTextValueVisible(Utilities.java:310)
at CommonScreen.PaymentInfoScreen.orderProductWithoutLogin(PaymentInfoScreen.java:47)
at TestSuite.OrderProductWithoutLogin.TC_09_11(OrderProductWithoutLogin.java:80)
... Removed 26 stack frames]]>
    </failure>
  </testcase> <!-- TC_09_11 -->
  <testcase classname="TestSuite.OrderProductWithoutLogin" name="TC_09_12" time="4.73">
    <failure type="java.lang.AssertionError" message="Value is not correct: Expected: &amp;quot;Số điện thoại không hợp lệ&amp;quot;; Actual: &amp;quot;Cám ơn bạn. Đơn hàng của bạn đã được tiếp nhận.&amp;quot;">
      <![CDATA[java.lang.AssertionError: Value is not correct: Expected: "Số điện thoại không hợp lệ"; Actual: "Cám ơn bạn. Đơn hàng của bạn đã được tiếp nhận."
at Common.Utilities.assertString(Utilities.java:353)
at Common.Utilities.assertTextValue(Utilities.java:303)
at Common.Utilities.assertTextValueVisible(Utilities.java:310)
at CommonScreen.PaymentInfoScreen.orderProductWithoutLogin(PaymentInfoScreen.java:47)
at TestSuite.OrderProductWithoutLogin.TC_09_12(OrderProductWithoutLogin.java:85)
... Removed 26 stack frames]]>
    </failure>
  </testcase> <!-- TC_09_12 -->
  <testcase classname="TestSuite.OrderProductWithoutLogin" name="TC_09_13" time="4.597">
    <failure type="java.lang.AssertionError" message="Value is not correct: Expected: &amp;quot;Số điện thoại không hợp lệ&amp;quot;; Actual: &amp;quot;Cám ơn bạn. Đơn hàng của bạn đã được tiếp nhận.&amp;quot;">
      <![CDATA[java.lang.AssertionError: Value is not correct: Expected: "Số điện thoại không hợp lệ"; Actual: "Cám ơn bạn. Đơn hàng của bạn đã được tiếp nhận."
at Common.Utilities.assertString(Utilities.java:353)
at Common.Utilities.assertTextValue(Utilities.java:303)
at Common.Utilities.assertTextValueVisible(Utilities.java:310)
at CommonScreen.PaymentInfoScreen.orderProductWithoutLogin(PaymentInfoScreen.java:47)
at TestSuite.OrderProductWithoutLogin.TC_09_13(OrderProductWithoutLogin.java:90)
... Removed 26 stack frames]]>
    </failure>
  </testcase> <!-- TC_09_13 -->
  <testcase classname="TestSuite.OrderProductWithoutLogin" name="TC_09_14" time="4.581">
    <failure type="java.lang.AssertionError" message="Value is not correct: Expected: &amp;quot;Số điện thoại không hợp lệ&amp;quot;; Actual: &amp;quot;Cám ơn bạn. Đơn hàng của bạn đã được tiếp nhận.&amp;quot;">
      <![CDATA[java.lang.AssertionError: Value is not correct: Expected: "Số điện thoại không hợp lệ"; Actual: "Cám ơn bạn. Đơn hàng của bạn đã được tiếp nhận."
at Common.Utilities.assertString(Utilities.java:353)
at Common.Utilities.assertTextValue(Utilities.java:303)
at Common.Utilities.assertTextValueVisible(Utilities.java:310)
at CommonScreen.PaymentInfoScreen.orderProductWithoutLogin(PaymentInfoScreen.java:47)
at TestSuite.OrderProductWithoutLogin.TC_09_14(OrderProductWithoutLogin.java:95)
... Removed 26 stack frames]]>
    </failure>
  </testcase> <!-- TC_09_14 -->
  <testcase classname="TestSuite.OrderProductWithoutLogin" name="TC_09_15" time="4.624"/>
  <testcase classname="TestSuite.OrderProductWithoutLogin" name="TC_09_16" time="4.826">
    <failure type="java.lang.AssertionError" message="Value is not correct: Expected: &amp;quot;Số điện thoại không hợp lệ&amp;quot;; Actual: &amp;quot;Cám ơn bạn. Đơn hàng của bạn đã được tiếp nhận.&amp;quot;">
      <![CDATA[java.lang.AssertionError: Value is not correct: Expected: "Số điện thoại không hợp lệ"; Actual: "Cám ơn bạn. Đơn hàng của bạn đã được tiếp nhận."
at Common.Utilities.assertString(Utilities.java:353)
at Common.Utilities.assertTextValue(Utilities.java:303)
at Common.Utilities.assertTextValueVisible(Utilities.java:310)
at CommonScreen.PaymentInfoScreen.orderProductWithoutLogin(PaymentInfoScreen.java:47)
at TestSuite.OrderProductWithoutLogin.TC_09_16(OrderProductWithoutLogin.java:105)
... Removed 26 stack frames]]>
    </failure>
  </testcase> <!-- TC_09_16 -->
  <testcase classname="TestSuite.OrderProductWithoutLogin" name="TC_09_17" time="4.947">
    <failure type="java.lang.AssertionError" message="Value is not correct: Expected: &amp;quot;Số điện thoại không hợp lệ&amp;quot;; Actual: &amp;quot;Cám ơn bạn. Đơn hàng của bạn đã được tiếp nhận.&amp;quot;">
      <![CDATA[java.lang.AssertionError: Value is not correct: Expected: "Số điện thoại không hợp lệ"; Actual: "Cám ơn bạn. Đơn hàng của bạn đã được tiếp nhận."
at Common.Utilities.assertString(Utilities.java:353)
at Common.Utilities.assertTextValue(Utilities.java:303)
at Common.Utilities.assertTextValueVisible(Utilities.java:310)
at CommonScreen.PaymentInfoScreen.orderProductWithoutLogin(PaymentInfoScreen.java:47)
at TestSuite.OrderProductWithoutLogin.TC_09_17(OrderProductWithoutLogin.java:110)
... Removed 26 stack frames]]>
    </failure>
  </testcase> <!-- TC_09_17 -->
  <testcase classname="TestSuite.OrderProductWithoutLogin" name="TC_09_18" time="4.468"/>
  <testcase classname="TestSuite.OrderProductWithoutLogin" name="TC_09_19" time="4.779"/>
  <testcase classname="TestSuite.OrderProductWithoutLogin" name="TC_09_20" time="4.534"/>
  <testcase classname="TestSuite.OrderProductWithoutLogin" name="TC_09_21" time="4.85">
    <failure type="java.lang.AssertionError" message="Value is not correct: Expected: &amp;quot;Email không hợp lệ&amp;quot;; Actual: &amp;quot;Cám ơn bạn. Đơn hàng của bạn đã được tiếp nhận.&amp;quot;">
      <![CDATA[java.lang.AssertionError: Value is not correct: Expected: "Email không hợp lệ"; Actual: "Cám ơn bạn. Đơn hàng của bạn đã được tiếp nhận."
at Common.Utilities.assertString(Utilities.java:353)
at Common.Utilities.assertTextValue(Utilities.java:303)
at Common.Utilities.assertTextValueVisible(Utilities.java:310)
at CommonScreen.PaymentInfoScreen.orderProductWithoutLogin(PaymentInfoScreen.java:47)
at TestSuite.OrderProductWithoutLogin.TC_09_21(OrderProductWithoutLogin.java:130)
... Removed 26 stack frames]]>
    </failure>
  </testcase> <!-- TC_09_21 -->
  <testcase classname="TestSuite.OrderProductWithoutLogin" name="TC_09_22" time="4.592">
    <failure type="java.lang.AssertionError" message="Value is not correct: Expected: &amp;quot;Email không hợp lệ&amp;quot;; Actual: &amp;quot;Cám ơn bạn. Đơn hàng của bạn đã được tiếp nhận.&amp;quot;">
      <![CDATA[java.lang.AssertionError: Value is not correct: Expected: "Email không hợp lệ"; Actual: "Cám ơn bạn. Đơn hàng của bạn đã được tiếp nhận."
at Common.Utilities.assertString(Utilities.java:353)
at Common.Utilities.assertTextValue(Utilities.java:303)
at Common.Utilities.assertTextValueVisible(Utilities.java:310)
at CommonScreen.PaymentInfoScreen.orderProductWithoutLogin(PaymentInfoScreen.java:47)
at TestSuite.OrderProductWithoutLogin.TC_09_22(OrderProductWithoutLogin.java:135)
... Removed 26 stack frames]]>
    </failure>
  </testcase> <!-- TC_09_22 -->
  <testcase classname="TestSuite.OrderProductWithoutLogin" name="TC_09_23" time="5.049">
    <failure type="java.lang.AssertionError" message="Value is not correct: Expected: &amp;quot;Email không hợp lệ&amp;quot;; Actual: &amp;quot;Cám ơn bạn. Đơn hàng của bạn đã được tiếp nhận.&amp;quot;">
      <![CDATA[java.lang.AssertionError: Value is not correct: Expected: "Email không hợp lệ"; Actual: "Cám ơn bạn. Đơn hàng của bạn đã được tiếp nhận."
at Common.Utilities.assertString(Utilities.java:353)
at Common.Utilities.assertTextValue(Utilities.java:303)
at Common.Utilities.assertTextValueVisible(Utilities.java:310)
at CommonScreen.PaymentInfoScreen.orderProductWithoutLogin(PaymentInfoScreen.java:47)
at TestSuite.OrderProductWithoutLogin.TC_09_23(OrderProductWithoutLogin.java:140)
... Removed 26 stack frames]]>
    </failure>
  </testcase> <!-- TC_09_23 -->
  <testcase classname="TestSuite.OrderProductWithoutLogin" name="TC_09_24" time="4.497">
    <failure type="java.lang.AssertionError" message="Value is not correct: Expected: &amp;quot;Email không hợp lệ&amp;quot;; Actual: &amp;quot;Cám ơn bạn. Đơn hàng của bạn đã được tiếp nhận.&amp;quot;">
      <![CDATA[java.lang.AssertionError: Value is not correct: Expected: "Email không hợp lệ"; Actual: "Cám ơn bạn. Đơn hàng của bạn đã được tiếp nhận."
at Common.Utilities.assertString(Utilities.java:353)
at Common.Utilities.assertTextValue(Utilities.java:303)
at Common.Utilities.assertTextValueVisible(Utilities.java:310)
at CommonScreen.PaymentInfoScreen.orderProductWithoutLogin(PaymentInfoScreen.java:47)
at TestSuite.OrderProductWithoutLogin.TC_09_24(OrderProductWithoutLogin.java:145)
... Removed 26 stack frames]]>
    </failure>
  </testcase> <!-- TC_09_24 -->
  <testcase classname="TestSuite.OrderProductWithoutLogin" name="TC_09_25" time="5.152">
    <failure type="java.lang.AssertionError" message="Value is not correct: Expected: &amp;quot;Email không hợp lệ&amp;quot;; Actual: &amp;quot;Cám ơn bạn. Đơn hàng của bạn đã được tiếp nhận.&amp;quot;">
      <![CDATA[java.lang.AssertionError: Value is not correct: Expected: "Email không hợp lệ"; Actual: "Cám ơn bạn. Đơn hàng của bạn đã được tiếp nhận."
at Common.Utilities.assertString(Utilities.java:353)
at Common.Utilities.assertTextValue(Utilities.java:303)
at Common.Utilities.assertTextValueVisible(Utilities.java:310)
at CommonScreen.PaymentInfoScreen.orderProductWithoutLogin(PaymentInfoScreen.java:47)
at TestSuite.OrderProductWithoutLogin.TC_09_25(OrderProductWithoutLogin.java:150)
... Removed 26 stack frames]]>
    </failure>
  </testcase> <!-- TC_09_25 -->
  <testcase classname="TestSuite.OrderProductWithoutLogin" name="TC_09_26" time="4.983"/>
  <testcase classname="TestSuite.OrderProductWithoutLogin" name="TC_09_27" time="5.109"/>
  <testcase classname="TestSuite.OrderProductWithoutLogin" name="TC_09_28" time="4.863">
    <failure type="java.lang.AssertionError" message="Value is not correct: Expected: &amp;quot;Địa chỉ giao hàng không được để trống&amp;quot;; Actual: &amp;quot;Địa chỉ nhận hàng không được để trống&amp;quot;">
      <![CDATA[java.lang.AssertionError: Value is not correct: Expected: "Địa chỉ giao hàng không được để trống"; Actual: "Địa chỉ nhận hàng không được để trống"
at Common.Utilities.assertString(Utilities.java:353)
at Common.Utilities.assertTextValue(Utilities.java:303)
at Common.Utilities.assertTextValueVisible(Utilities.java:310)
at CommonScreen.PaymentInfoScreen.orderProductWithoutLogin(PaymentInfoScreen.java:47)
at TestSuite.OrderProductWithoutLogin.TC_09_28(OrderProductWithoutLogin.java:165)
... Removed 26 stack frames]]>
    </failure>
  </testcase> <!-- TC_09_28 -->
  <testcase classname="TestSuite.OrderProductWithoutLogin" name="TC_09_29" time="4.942">
    <failure type="java.lang.AssertionError" message="Value is not correct: Expected: &amp;quot;Địa chỉ giao hàng không được để trống&amp;quot;; Actual: &amp;quot;Địa chỉ nhận hàng không được để trống&amp;quot;">
      <![CDATA[java.lang.AssertionError: Value is not correct: Expected: "Địa chỉ giao hàng không được để trống"; Actual: "Địa chỉ nhận hàng không được để trống"
at Common.Utilities.assertString(Utilities.java:353)
at Common.Utilities.assertTextValue(Utilities.java:303)
at Common.Utilities.assertTextValueVisible(Utilities.java:310)
at CommonScreen.PaymentInfoScreen.orderProductWithoutLogin(PaymentInfoScreen.java:47)
at TestSuite.OrderProductWithoutLogin.TC_09_29(OrderProductWithoutLogin.java:170)
... Removed 26 stack frames]]>
    </failure>
  </testcase> <!-- TC_09_29 -->
  <testcase classname="TestSuite.OrderProductWithoutLogin" name="TC_09_30" time="4.907"/>
  <testcase classname="TestSuite.OrderProductWithoutLogin" name="TC_09_31" time="4.676"/>
  <testcase classname="TestSuite.OrderProductWithoutLogin" name="TC_09_32" time="4.818"/>
  <testcase classname="TestSuite.OrderProductWithoutLogin" name="TC_09_33" time="4.733"/>
  <testcase classname="TestSuite.OrderProductWithoutLogin" name="TC_09_34" time="4.448"/>
  <testcase classname="TestSuite.OrderProductWithoutLogin" name="TC_09_35" time="5.222"/>
  <testcase classname="TestSuite.OrderProductWithoutLogin" name="TC_09_36" time="4.725"/>
  <testcase classname="TestSuite.OrderProductWithoutLogin" name="TC_09_37" time="4.755"/>
</testsuite> <!-- AutoTestForWebsiteBookStore -->
