<html>
<head>
<title>TestNG:  AutoTestForWebsiteBookStore</title>
<link href="../testng.css" rel="stylesheet" type="text/css" />
<link href="../my-testng.css" rel="stylesheet" type="text/css" />

<style type="text/css">
.log { display: none;} 
.stack-trace { display: none;} 
</style>
<script type="text/javascript">
<!--
function flip(e) {
  current = e.style.display;
  if (current == 'block') {
    e.style.display = 'none';
    return 0;
  }
  else {
    e.style.display = 'block';
    return 1;
  }
}

function toggleBox(szDivId, elem, msg1, msg2)
{
  var res = -1;  if (document.getElementById) {
    res = flip(document.getElementById(szDivId));
  }
  else if (document.all) {
    // this is the way old msie versions work
    res = flip(document.all[szDivId]);
  }
  if(elem) {
    if(res == 0) elem.innerHTML = msg1; else elem.innerHTML = msg2;
  }

}

function toggleAllBoxes() {
  if (document.getElementsByTagName) {
    d = document.getElementsByTagName('div');
    for (i = 0; i < d.length; i++) {
      if (d[i].className == 'log') {
        flip(d[i]);
      }
    }
  }
}

// -->
</script>

</head>
<body>
<h2 align='center'>AutoTestForWebsiteBookStore</h2><table border='1' align="center">
<tr>
<td>Tests passed/Failed/Skipped:</td><td>23/14/0</td>
</tr><tr>
<td>Started on:</td><td>Sun Aug 20 00:54:35 ICT 2023</td>
</tr>
<tr><td>Total time:</td><td>546 seconds (546563 ms)</td>
</tr><tr>
<td>Included groups:</td><td></td>
</tr><tr>
<td>Excluded groups:</td><td></td>
</tr>
</table><p/>
<small><i>(Hover the method name to see the test class name)</i></small><p/>
<table width='100%' border='1' class='invocation-failed'>
<tr><td colspan='4' align='center'><b>FAILED TESTS</b></td></tr>
<tr><td><b>Test method</b></td>
<td width="30%"><b>Exception</b></td>
<td width="10%"><b>Time (seconds)</b></td>
<td><b>Instance</b></td>
</tr>
<tr>
<td title='TestSuite.OrderProductWithoutLogin.TC_09_10()'><b>TC_09_10</b><br>Test class: TestSuite.OrderProductWithoutLogin</td>
<td><div><pre>java.lang.AssertionError: Value is not correct: Expected: &quot;Số điện thoại không hợp lệ&quot;; Actual: &quot;Số điện thoại không quá 11 số&quot;
	at Common.Utilities.assertString(Utilities.java:353)
	at Common.Utilities.assertTextValue(Utilities.java:303)
	at Common.Utilities.assertTextValueVisible(Utilities.java:310)
	at CommonScreen.PaymentInfoScreen.orderProductWithoutLogin(PaymentInfoScreen.java:47)
	at TestSuite.OrderProductWithoutLogin.TC_09_10(OrderProductWithoutLogin.java:75)
... Removed 26 stack frames</pre></div><a href='#' onClick='toggleBox("stack-trace2072030980", this, "Click to show all stack frames", "Click to hide stack frames")'>Click to show all stack frames</a>
<div class='stack-trace' id='stack-trace2072030980'><pre>java.lang.AssertionError: Value is not correct: Expected: &quot;Số điện thoại không hợp lệ&quot;; Actual: &quot;Số điện thoại không quá 11 số&quot;
	at org.testng.Assert.fail(Assert.java:97)
	at Common.Utilities.assertString(Utilities.java:353)
	at Common.Utilities.assertTextValue(Utilities.java:303)
	at Common.Utilities.assertTextValueVisible(Utilities.java:310)
	at CommonScreen.PaymentInfoScreen.orderProductWithoutLogin(PaymentInfoScreen.java:47)
	at TestSuite.OrderProductWithoutLogin.TC_09_10(OrderProductWithoutLogin.java:75)
	at java.base/jdk.internal.reflect.NativeMethodAccessorImpl.invoke0(Native Method)
	at java.base/jdk.internal.reflect.NativeMethodAccessorImpl.invoke(NativeMethodAccessorImpl.java:77)
	at java.base/jdk.internal.reflect.DelegatingMethodAccessorImpl.invoke(DelegatingMethodAccessorImpl.java:43)
	at java.base/java.lang.reflect.Method.invoke(Method.java:568)
	at org.testng.internal.MethodInvocationHelper.invokeMethod(MethodInvocationHelper.java:131)
	at org.testng.internal.Invoker.invokeMethod(Invoker.java:687)
	at org.testng.internal.Invoker.invokeTestMethod(Invoker.java:821)
	at org.testng.internal.Invoker.invokeTestMethods(Invoker.java:1128)
	at org.testng.internal.TestMethodWorker.invokeTestMethods(TestMethodWorker.java:140)
	at org.testng.internal.TestMethodWorker.run(TestMethodWorker.java:122)
	at org.testng.TestRunner.privateRun(TestRunner.java:724)
	at org.testng.TestRunner.run(TestRunner.java:574)
	at org.testng.SuiteRunner.runTest(SuiteRunner.java:398)
	at org.testng.SuiteRunner.runSequentially(SuiteRunner.java:392)
	at org.testng.SuiteRunner.privateRun(SuiteRunner.java:354)
	at org.testng.SuiteRunner.run(SuiteRunner.java:302)
	at org.testng.SuiteRunnerWorker.runSuite(SuiteRunnerWorker.java:53)
	at org.testng.SuiteRunnerWorker.run(SuiteRunnerWorker.java:96)
	at org.testng.TestNG.runSuitesSequentially(TestNG.java:1142)
	at org.testng.TestNG.runSuitesLocally(TestNG.java:1064)
	at org.testng.TestNG.runSuites(TestNG.java:994)
	at org.testng.TestNG.run(TestNG.java:962)
	at org.testng.remote.AbstractRemoteTestNG.run(AbstractRemoteTestNG.java:115)
	at org.testng.remote.RemoteTestNG.initAndRun(RemoteTestNG.java:251)
	at org.testng.remote.RemoteTestNG.main(RemoteTestNG.java:77)
</pre></div></td>
<td>4</td>
<td>TestSuite.OrderProductWithoutLogin@9d5509a</td></tr>
<tr>
<td title='TestSuite.OrderProductWithoutLogin.TC_09_11()'><b>TC_09_11</b><br>Test class: TestSuite.OrderProductWithoutLogin</td>
<td><div><pre>java.lang.AssertionError: Value is not correct: Expected: &quot;Số điện thoại không hợp lệ&quot;; Actual: &quot;Cám ơn bạn. Đơn hàng của bạn đã được tiếp nhận.&quot;
	at Common.Utilities.assertString(Utilities.java:353)
	at Common.Utilities.assertTextValue(Utilities.java:303)
	at Common.Utilities.assertTextValueVisible(Utilities.java:310)
	at CommonScreen.PaymentInfoScreen.orderProductWithoutLogin(PaymentInfoScreen.java:47)
	at TestSuite.OrderProductWithoutLogin.TC_09_11(OrderProductWithoutLogin.java:80)
... Removed 26 stack frames</pre></div><a href='#' onClick='toggleBox("stack-trace1165311010", this, "Click to show all stack frames", "Click to hide stack frames")'>Click to show all stack frames</a>
<div class='stack-trace' id='stack-trace1165311010'><pre>java.lang.AssertionError: Value is not correct: Expected: &quot;Số điện thoại không hợp lệ&quot;; Actual: &quot;Cám ơn bạn. Đơn hàng của bạn đã được tiếp nhận.&quot;
	at org.testng.Assert.fail(Assert.java:97)
	at Common.Utilities.assertString(Utilities.java:353)
	at Common.Utilities.assertTextValue(Utilities.java:303)
	at Common.Utilities.assertTextValueVisible(Utilities.java:310)
	at CommonScreen.PaymentInfoScreen.orderProductWithoutLogin(PaymentInfoScreen.java:47)
	at TestSuite.OrderProductWithoutLogin.TC_09_11(OrderProductWithoutLogin.java:80)
	at java.base/jdk.internal.reflect.NativeMethodAccessorImpl.invoke0(Native Method)
	at java.base/jdk.internal.reflect.NativeMethodAccessorImpl.invoke(NativeMethodAccessorImpl.java:77)
	at java.base/jdk.internal.reflect.DelegatingMethodAccessorImpl.invoke(DelegatingMethodAccessorImpl.java:43)
	at java.base/java.lang.reflect.Method.invoke(Method.java:568)
	at org.testng.internal.MethodInvocationHelper.invokeMethod(MethodInvocationHelper.java:131)
	at org.testng.internal.Invoker.invokeMethod(Invoker.java:687)
	at org.testng.internal.Invoker.invokeTestMethod(Invoker.java:821)
	at org.testng.internal.Invoker.invokeTestMethods(Invoker.java:1128)
	at org.testng.internal.TestMethodWorker.invokeTestMethods(TestMethodWorker.java:140)
	at org.testng.internal.TestMethodWorker.run(TestMethodWorker.java:122)
	at org.testng.TestRunner.privateRun(TestRunner.java:724)
	at org.testng.TestRunner.run(TestRunner.java:574)
	at org.testng.SuiteRunner.runTest(SuiteRunner.java:398)
	at org.testng.SuiteRunner.runSequentially(SuiteRunner.java:392)
	at org.testng.SuiteRunner.privateRun(SuiteRunner.java:354)
	at org.testng.SuiteRunner.run(SuiteRunner.java:302)
	at org.testng.SuiteRunnerWorker.runSuite(SuiteRunnerWorker.java:53)
	at org.testng.SuiteRunnerWorker.run(SuiteRunnerWorker.java:96)
	at org.testng.TestNG.runSuitesSequentially(TestNG.java:1142)
	at org.testng.TestNG.runSuitesLocally(TestNG.java:1064)
	at org.testng.TestNG.runSuites(TestNG.java:994)
	at org.testng.TestNG.run(TestNG.java:962)
	at org.testng.remote.AbstractRemoteTestNG.run(AbstractRemoteTestNG.java:115)
	at org.testng.remote.RemoteTestNG.initAndRun(RemoteTestNG.java:251)
	at org.testng.remote.RemoteTestNG.main(RemoteTestNG.java:77)
</pre></div></td>
<td>4</td>
<td>TestSuite.OrderProductWithoutLogin@9d5509a</td></tr>
<tr>
<td title='TestSuite.OrderProductWithoutLogin.TC_09_12()'><b>TC_09_12</b><br>Test class: TestSuite.OrderProductWithoutLogin</td>
<td><div><pre>java.lang.AssertionError: Value is not correct: Expected: &quot;Số điện thoại không hợp lệ&quot;; Actual: &quot;Cám ơn bạn. Đơn hàng của bạn đã được tiếp nhận.&quot;
	at Common.Utilities.assertString(Utilities.java:353)
	at Common.Utilities.assertTextValue(Utilities.java:303)
	at Common.Utilities.assertTextValueVisible(Utilities.java:310)
	at CommonScreen.PaymentInfoScreen.orderProductWithoutLogin(PaymentInfoScreen.java:47)
	at TestSuite.OrderProductWithoutLogin.TC_09_12(OrderProductWithoutLogin.java:85)
... Removed 26 stack frames</pre></div><a href='#' onClick='toggleBox("stack-trace1244890076", this, "Click to show all stack frames", "Click to hide stack frames")'>Click to show all stack frames</a>
<div class='stack-trace' id='stack-trace1244890076'><pre>java.lang.AssertionError: Value is not correct: Expected: &quot;Số điện thoại không hợp lệ&quot;; Actual: &quot;Cám ơn bạn. Đơn hàng của bạn đã được tiếp nhận.&quot;
	at org.testng.Assert.fail(Assert.java:97)
	at Common.Utilities.assertString(Utilities.java:353)
	at Common.Utilities.assertTextValue(Utilities.java:303)
	at Common.Utilities.assertTextValueVisible(Utilities.java:310)
	at CommonScreen.PaymentInfoScreen.orderProductWithoutLogin(PaymentInfoScreen.java:47)
	at TestSuite.OrderProductWithoutLogin.TC_09_12(OrderProductWithoutLogin.java:85)
	at java.base/jdk.internal.reflect.NativeMethodAccessorImpl.invoke0(Native Method)
	at java.base/jdk.internal.reflect.NativeMethodAccessorImpl.invoke(NativeMethodAccessorImpl.java:77)
	at java.base/jdk.internal.reflect.DelegatingMethodAccessorImpl.invoke(DelegatingMethodAccessorImpl.java:43)
	at java.base/java.lang.reflect.Method.invoke(Method.java:568)
	at org.testng.internal.MethodInvocationHelper.invokeMethod(MethodInvocationHelper.java:131)
	at org.testng.internal.Invoker.invokeMethod(Invoker.java:687)
	at org.testng.internal.Invoker.invokeTestMethod(Invoker.java:821)
	at org.testng.internal.Invoker.invokeTestMethods(Invoker.java:1128)
	at org.testng.internal.TestMethodWorker.invokeTestMethods(TestMethodWorker.java:140)
	at org.testng.internal.TestMethodWorker.run(TestMethodWorker.java:122)
	at org.testng.TestRunner.privateRun(TestRunner.java:724)
	at org.testng.TestRunner.run(TestRunner.java:574)
	at org.testng.SuiteRunner.runTest(SuiteRunner.java:398)
	at org.testng.SuiteRunner.runSequentially(SuiteRunner.java:392)
	at org.testng.SuiteRunner.privateRun(SuiteRunner.java:354)
	at org.testng.SuiteRunner.run(SuiteRunner.java:302)
	at org.testng.SuiteRunnerWorker.runSuite(SuiteRunnerWorker.java:53)
	at org.testng.SuiteRunnerWorker.run(SuiteRunnerWorker.java:96)
	at org.testng.TestNG.runSuitesSequentially(TestNG.java:1142)
	at org.testng.TestNG.runSuitesLocally(TestNG.java:1064)
	at org.testng.TestNG.runSuites(TestNG.java:994)
	at org.testng.TestNG.run(TestNG.java:962)
	at org.testng.remote.AbstractRemoteTestNG.run(AbstractRemoteTestNG.java:115)
	at org.testng.remote.RemoteTestNG.initAndRun(RemoteTestNG.java:251)
	at org.testng.remote.RemoteTestNG.main(RemoteTestNG.java:77)
</pre></div></td>
<td>4</td>
<td>TestSuite.OrderProductWithoutLogin@9d5509a</td></tr>
<tr>
<td title='TestSuite.OrderProductWithoutLogin.TC_09_13()'><b>TC_09_13</b><br>Test class: TestSuite.OrderProductWithoutLogin</td>
<td><div><pre>java.lang.AssertionError: Value is not correct: Expected: &quot;Số điện thoại không hợp lệ&quot;; Actual: &quot;Cám ơn bạn. Đơn hàng của bạn đã được tiếp nhận.&quot;
	at Common.Utilities.assertString(Utilities.java:353)
	at Common.Utilities.assertTextValue(Utilities.java:303)
	at Common.Utilities.assertTextValueVisible(Utilities.java:310)
	at CommonScreen.PaymentInfoScreen.orderProductWithoutLogin(PaymentInfoScreen.java:47)
	at TestSuite.OrderProductWithoutLogin.TC_09_13(OrderProductWithoutLogin.java:90)
... Removed 26 stack frames</pre></div><a href='#' onClick='toggleBox("stack-trace1249560971", this, "Click to show all stack frames", "Click to hide stack frames")'>Click to show all stack frames</a>
<div class='stack-trace' id='stack-trace1249560971'><pre>java.lang.AssertionError: Value is not correct: Expected: &quot;Số điện thoại không hợp lệ&quot;; Actual: &quot;Cám ơn bạn. Đơn hàng của bạn đã được tiếp nhận.&quot;
	at org.testng.Assert.fail(Assert.java:97)
	at Common.Utilities.assertString(Utilities.java:353)
	at Common.Utilities.assertTextValue(Utilities.java:303)
	at Common.Utilities.assertTextValueVisible(Utilities.java:310)
	at CommonScreen.PaymentInfoScreen.orderProductWithoutLogin(PaymentInfoScreen.java:47)
	at TestSuite.OrderProductWithoutLogin.TC_09_13(OrderProductWithoutLogin.java:90)
	at java.base/jdk.internal.reflect.NativeMethodAccessorImpl.invoke0(Native Method)
	at java.base/jdk.internal.reflect.NativeMethodAccessorImpl.invoke(NativeMethodAccessorImpl.java:77)
	at java.base/jdk.internal.reflect.DelegatingMethodAccessorImpl.invoke(DelegatingMethodAccessorImpl.java:43)
	at java.base/java.lang.reflect.Method.invoke(Method.java:568)
	at org.testng.internal.MethodInvocationHelper.invokeMethod(MethodInvocationHelper.java:131)
	at org.testng.internal.Invoker.invokeMethod(Invoker.java:687)
	at org.testng.internal.Invoker.invokeTestMethod(Invoker.java:821)
	at org.testng.internal.Invoker.invokeTestMethods(Invoker.java:1128)
	at org.testng.internal.TestMethodWorker.invokeTestMethods(TestMethodWorker.java:140)
	at org.testng.internal.TestMethodWorker.run(TestMethodWorker.java:122)
	at org.testng.TestRunner.privateRun(TestRunner.java:724)
	at org.testng.TestRunner.run(TestRunner.java:574)
	at org.testng.SuiteRunner.runTest(SuiteRunner.java:398)
	at org.testng.SuiteRunner.runSequentially(SuiteRunner.java:392)
	at org.testng.SuiteRunner.privateRun(SuiteRunner.java:354)
	at org.testng.SuiteRunner.run(SuiteRunner.java:302)
	at org.testng.SuiteRunnerWorker.runSuite(SuiteRunnerWorker.java:53)
	at org.testng.SuiteRunnerWorker.run(SuiteRunnerWorker.java:96)
	at org.testng.TestNG.runSuitesSequentially(TestNG.java:1142)
	at org.testng.TestNG.runSuitesLocally(TestNG.java:1064)
	at org.testng.TestNG.runSuites(TestNG.java:994)
	at org.testng.TestNG.run(TestNG.java:962)
	at org.testng.remote.AbstractRemoteTestNG.run(AbstractRemoteTestNG.java:115)
	at org.testng.remote.RemoteTestNG.initAndRun(RemoteTestNG.java:251)
	at org.testng.remote.RemoteTestNG.main(RemoteTestNG.java:77)
</pre></div></td>
<td>4</td>
<td>TestSuite.OrderProductWithoutLogin@9d5509a</td></tr>
<tr>
<td title='TestSuite.OrderProductWithoutLogin.TC_09_14()'><b>TC_09_14</b><br>Test class: TestSuite.OrderProductWithoutLogin</td>
<td><div><pre>java.lang.AssertionError: Value is not correct: Expected: &quot;Số điện thoại không hợp lệ&quot;; Actual: &quot;Cám ơn bạn. Đơn hàng của bạn đã được tiếp nhận.&quot;
	at Common.Utilities.assertString(Utilities.java:353)
	at Common.Utilities.assertTextValue(Utilities.java:303)
	at Common.Utilities.assertTextValueVisible(Utilities.java:310)
	at CommonScreen.PaymentInfoScreen.orderProductWithoutLogin(PaymentInfoScreen.java:47)
	at TestSuite.OrderProductWithoutLogin.TC_09_14(OrderProductWithoutLogin.java:95)
... Removed 26 stack frames</pre></div><a href='#' onClick='toggleBox("stack-trace1794843661", this, "Click to show all stack frames", "Click to hide stack frames")'>Click to show all stack frames</a>
<div class='stack-trace' id='stack-trace1794843661'><pre>java.lang.AssertionError: Value is not correct: Expected: &quot;Số điện thoại không hợp lệ&quot;; Actual: &quot;Cám ơn bạn. Đơn hàng của bạn đã được tiếp nhận.&quot;
	at org.testng.Assert.fail(Assert.java:97)
	at Common.Utilities.assertString(Utilities.java:353)
	at Common.Utilities.assertTextValue(Utilities.java:303)
	at Common.Utilities.assertTextValueVisible(Utilities.java:310)
	at CommonScreen.PaymentInfoScreen.orderProductWithoutLogin(PaymentInfoScreen.java:47)
	at TestSuite.OrderProductWithoutLogin.TC_09_14(OrderProductWithoutLogin.java:95)
	at java.base/jdk.internal.reflect.NativeMethodAccessorImpl.invoke0(Native Method)
	at java.base/jdk.internal.reflect.NativeMethodAccessorImpl.invoke(NativeMethodAccessorImpl.java:77)
	at java.base/jdk.internal.reflect.DelegatingMethodAccessorImpl.invoke(DelegatingMethodAccessorImpl.java:43)
	at java.base/java.lang.reflect.Method.invoke(Method.java:568)
	at org.testng.internal.MethodInvocationHelper.invokeMethod(MethodInvocationHelper.java:131)
	at org.testng.internal.Invoker.invokeMethod(Invoker.java:687)
	at org.testng.internal.Invoker.invokeTestMethod(Invoker.java:821)
	at org.testng.internal.Invoker.invokeTestMethods(Invoker.java:1128)
	at org.testng.internal.TestMethodWorker.invokeTestMethods(TestMethodWorker.java:140)
	at org.testng.internal.TestMethodWorker.run(TestMethodWorker.java:122)
	at org.testng.TestRunner.privateRun(TestRunner.java:724)
	at org.testng.TestRunner.run(TestRunner.java:574)
	at org.testng.SuiteRunner.runTest(SuiteRunner.java:398)
	at org.testng.SuiteRunner.runSequentially(SuiteRunner.java:392)
	at org.testng.SuiteRunner.privateRun(SuiteRunner.java:354)
	at org.testng.SuiteRunner.run(SuiteRunner.java:302)
	at org.testng.SuiteRunnerWorker.runSuite(SuiteRunnerWorker.java:53)
	at org.testng.SuiteRunnerWorker.run(SuiteRunnerWorker.java:96)
	at org.testng.TestNG.runSuitesSequentially(TestNG.java:1142)
	at org.testng.TestNG.runSuitesLocally(TestNG.java:1064)
	at org.testng.TestNG.runSuites(TestNG.java:994)
	at org.testng.TestNG.run(TestNG.java:962)
	at org.testng.remote.AbstractRemoteTestNG.run(AbstractRemoteTestNG.java:115)
	at org.testng.remote.RemoteTestNG.initAndRun(RemoteTestNG.java:251)
	at org.testng.remote.RemoteTestNG.main(RemoteTestNG.java:77)
</pre></div></td>
<td>4</td>
<td>TestSuite.OrderProductWithoutLogin@9d5509a</td></tr>
<tr>
<td title='TestSuite.OrderProductWithoutLogin.TC_09_16()'><b>TC_09_16</b><br>Test class: TestSuite.OrderProductWithoutLogin</td>
<td><div><pre>java.lang.AssertionError: Value is not correct: Expected: &quot;Số điện thoại không hợp lệ&quot;; Actual: &quot;Cám ơn bạn. Đơn hàng của bạn đã được tiếp nhận.&quot;
	at Common.Utilities.assertString(Utilities.java:353)
	at Common.Utilities.assertTextValue(Utilities.java:303)
	at Common.Utilities.assertTextValueVisible(Utilities.java:310)
	at CommonScreen.PaymentInfoScreen.orderProductWithoutLogin(PaymentInfoScreen.java:47)
	at TestSuite.OrderProductWithoutLogin.TC_09_16(OrderProductWithoutLogin.java:105)
... Removed 26 stack frames</pre></div><a href='#' onClick='toggleBox("stack-trace1528194080", this, "Click to show all stack frames", "Click to hide stack frames")'>Click to show all stack frames</a>
<div class='stack-trace' id='stack-trace1528194080'><pre>java.lang.AssertionError: Value is not correct: Expected: &quot;Số điện thoại không hợp lệ&quot;; Actual: &quot;Cám ơn bạn. Đơn hàng của bạn đã được tiếp nhận.&quot;
	at org.testng.Assert.fail(Assert.java:97)
	at Common.Utilities.assertString(Utilities.java:353)
	at Common.Utilities.assertTextValue(Utilities.java:303)
	at Common.Utilities.assertTextValueVisible(Utilities.java:310)
	at CommonScreen.PaymentInfoScreen.orderProductWithoutLogin(PaymentInfoScreen.java:47)
	at TestSuite.OrderProductWithoutLogin.TC_09_16(OrderProductWithoutLogin.java:105)
	at java.base/jdk.internal.reflect.NativeMethodAccessorImpl.invoke0(Native Method)
	at java.base/jdk.internal.reflect.NativeMethodAccessorImpl.invoke(NativeMethodAccessorImpl.java:77)
	at java.base/jdk.internal.reflect.DelegatingMethodAccessorImpl.invoke(DelegatingMethodAccessorImpl.java:43)
	at java.base/java.lang.reflect.Method.invoke(Method.java:568)
	at org.testng.internal.MethodInvocationHelper.invokeMethod(MethodInvocationHelper.java:131)
	at org.testng.internal.Invoker.invokeMethod(Invoker.java:687)
	at org.testng.internal.Invoker.invokeTestMethod(Invoker.java:821)
	at org.testng.internal.Invoker.invokeTestMethods(Invoker.java:1128)
	at org.testng.internal.TestMethodWorker.invokeTestMethods(TestMethodWorker.java:140)
	at org.testng.internal.TestMethodWorker.run(TestMethodWorker.java:122)
	at org.testng.TestRunner.privateRun(TestRunner.java:724)
	at org.testng.TestRunner.run(TestRunner.java:574)
	at org.testng.SuiteRunner.runTest(SuiteRunner.java:398)
	at org.testng.SuiteRunner.runSequentially(SuiteRunner.java:392)
	at org.testng.SuiteRunner.privateRun(SuiteRunner.java:354)
	at org.testng.SuiteRunner.run(SuiteRunner.java:302)
	at org.testng.SuiteRunnerWorker.runSuite(SuiteRunnerWorker.java:53)
	at org.testng.SuiteRunnerWorker.run(SuiteRunnerWorker.java:96)
	at org.testng.TestNG.runSuitesSequentially(TestNG.java:1142)
	at org.testng.TestNG.runSuitesLocally(TestNG.java:1064)
	at org.testng.TestNG.runSuites(TestNG.java:994)
	at org.testng.TestNG.run(TestNG.java:962)
	at org.testng.remote.AbstractRemoteTestNG.run(AbstractRemoteTestNG.java:115)
	at org.testng.remote.RemoteTestNG.initAndRun(RemoteTestNG.java:251)
	at org.testng.remote.RemoteTestNG.main(RemoteTestNG.java:77)
</pre></div></td>
<td>4</td>
<td>TestSuite.OrderProductWithoutLogin@9d5509a</td></tr>
<tr>
<td title='TestSuite.OrderProductWithoutLogin.TC_09_17()'><b>TC_09_17</b><br>Test class: TestSuite.OrderProductWithoutLogin</td>
<td><div><pre>java.lang.AssertionError: Value is not correct: Expected: &quot;Số điện thoại không hợp lệ&quot;; Actual: &quot;Cám ơn bạn. Đơn hàng của bạn đã được tiếp nhận.&quot;
	at Common.Utilities.assertString(Utilities.java:353)
	at Common.Utilities.assertTextValue(Utilities.java:303)
	at Common.Utilities.assertTextValueVisible(Utilities.java:310)
	at CommonScreen.PaymentInfoScreen.orderProductWithoutLogin(PaymentInfoScreen.java:47)
	at TestSuite.OrderProductWithoutLogin.TC_09_17(OrderProductWithoutLogin.java:110)
... Removed 26 stack frames</pre></div><a href='#' onClick='toggleBox("stack-trace746875390", this, "Click to show all stack frames", "Click to hide stack frames")'>Click to show all stack frames</a>
<div class='stack-trace' id='stack-trace746875390'><pre>java.lang.AssertionError: Value is not correct: Expected: &quot;Số điện thoại không hợp lệ&quot;; Actual: &quot;Cám ơn bạn. Đơn hàng của bạn đã được tiếp nhận.&quot;
	at org.testng.Assert.fail(Assert.java:97)
	at Common.Utilities.assertString(Utilities.java:353)
	at Common.Utilities.assertTextValue(Utilities.java:303)
	at Common.Utilities.assertTextValueVisible(Utilities.java:310)
	at CommonScreen.PaymentInfoScreen.orderProductWithoutLogin(PaymentInfoScreen.java:47)
	at TestSuite.OrderProductWithoutLogin.TC_09_17(OrderProductWithoutLogin.java:110)
	at java.base/jdk.internal.reflect.NativeMethodAccessorImpl.invoke0(Native Method)
	at java.base/jdk.internal.reflect.NativeMethodAccessorImpl.invoke(NativeMethodAccessorImpl.java:77)
	at java.base/jdk.internal.reflect.DelegatingMethodAccessorImpl.invoke(DelegatingMethodAccessorImpl.java:43)
	at java.base/java.lang.reflect.Method.invoke(Method.java:568)
	at org.testng.internal.MethodInvocationHelper.invokeMethod(MethodInvocationHelper.java:131)
	at org.testng.internal.Invoker.invokeMethod(Invoker.java:687)
	at org.testng.internal.Invoker.invokeTestMethod(Invoker.java:821)
	at org.testng.internal.Invoker.invokeTestMethods(Invoker.java:1128)
	at org.testng.internal.TestMethodWorker.invokeTestMethods(TestMethodWorker.java:140)
	at org.testng.internal.TestMethodWorker.run(TestMethodWorker.java:122)
	at org.testng.TestRunner.privateRun(TestRunner.java:724)
	at org.testng.TestRunner.run(TestRunner.java:574)
	at org.testng.SuiteRunner.runTest(SuiteRunner.java:398)
	at org.testng.SuiteRunner.runSequentially(SuiteRunner.java:392)
	at org.testng.SuiteRunner.privateRun(SuiteRunner.java:354)
	at org.testng.SuiteRunner.run(SuiteRunner.java:302)
	at org.testng.SuiteRunnerWorker.runSuite(SuiteRunnerWorker.java:53)
	at org.testng.SuiteRunnerWorker.run(SuiteRunnerWorker.java:96)
	at org.testng.TestNG.runSuitesSequentially(TestNG.java:1142)
	at org.testng.TestNG.runSuitesLocally(TestNG.java:1064)
	at org.testng.TestNG.runSuites(TestNG.java:994)
	at org.testng.TestNG.run(TestNG.java:962)
	at org.testng.remote.AbstractRemoteTestNG.run(AbstractRemoteTestNG.java:115)
	at org.testng.remote.RemoteTestNG.initAndRun(RemoteTestNG.java:251)
	at org.testng.remote.RemoteTestNG.main(RemoteTestNG.java:77)
</pre></div></td>
<td>4</td>
<td>TestSuite.OrderProductWithoutLogin@9d5509a</td></tr>
<tr>
<td title='TestSuite.OrderProductWithoutLogin.TC_09_21()'><b>TC_09_21</b><br>Test class: TestSuite.OrderProductWithoutLogin</td>
<td><div><pre>java.lang.AssertionError: Value is not correct: Expected: &quot;Email không hợp lệ&quot;; Actual: &quot;Cám ơn bạn. Đơn hàng của bạn đã được tiếp nhận.&quot;
	at Common.Utilities.assertString(Utilities.java:353)
	at Common.Utilities.assertTextValue(Utilities.java:303)
	at Common.Utilities.assertTextValueVisible(Utilities.java:310)
	at CommonScreen.PaymentInfoScreen.orderProductWithoutLogin(PaymentInfoScreen.java:47)
	at TestSuite.OrderProductWithoutLogin.TC_09_21(OrderProductWithoutLogin.java:130)
... Removed 26 stack frames</pre></div><a href='#' onClick='toggleBox("stack-trace753955802", this, "Click to show all stack frames", "Click to hide stack frames")'>Click to show all stack frames</a>
<div class='stack-trace' id='stack-trace753955802'><pre>java.lang.AssertionError: Value is not correct: Expected: &quot;Email không hợp lệ&quot;; Actual: &quot;Cám ơn bạn. Đơn hàng của bạn đã được tiếp nhận.&quot;
	at org.testng.Assert.fail(Assert.java:97)
	at Common.Utilities.assertString(Utilities.java:353)
	at Common.Utilities.assertTextValue(Utilities.java:303)
	at Common.Utilities.assertTextValueVisible(Utilities.java:310)
	at CommonScreen.PaymentInfoScreen.orderProductWithoutLogin(PaymentInfoScreen.java:47)
	at TestSuite.OrderProductWithoutLogin.TC_09_21(OrderProductWithoutLogin.java:130)
	at java.base/jdk.internal.reflect.NativeMethodAccessorImpl.invoke0(Native Method)
	at java.base/jdk.internal.reflect.NativeMethodAccessorImpl.invoke(NativeMethodAccessorImpl.java:77)
	at java.base/jdk.internal.reflect.DelegatingMethodAccessorImpl.invoke(DelegatingMethodAccessorImpl.java:43)
	at java.base/java.lang.reflect.Method.invoke(Method.java:568)
	at org.testng.internal.MethodInvocationHelper.invokeMethod(MethodInvocationHelper.java:131)
	at org.testng.internal.Invoker.invokeMethod(Invoker.java:687)
	at org.testng.internal.Invoker.invokeTestMethod(Invoker.java:821)
	at org.testng.internal.Invoker.invokeTestMethods(Invoker.java:1128)
	at org.testng.internal.TestMethodWorker.invokeTestMethods(TestMethodWorker.java:140)
	at org.testng.internal.TestMethodWorker.run(TestMethodWorker.java:122)
	at org.testng.TestRunner.privateRun(TestRunner.java:724)
	at org.testng.TestRunner.run(TestRunner.java:574)
	at org.testng.SuiteRunner.runTest(SuiteRunner.java:398)
	at org.testng.SuiteRunner.runSequentially(SuiteRunner.java:392)
	at org.testng.SuiteRunner.privateRun(SuiteRunner.java:354)
	at org.testng.SuiteRunner.run(SuiteRunner.java:302)
	at org.testng.SuiteRunnerWorker.runSuite(SuiteRunnerWorker.java:53)
	at org.testng.SuiteRunnerWorker.run(SuiteRunnerWorker.java:96)
	at org.testng.TestNG.runSuitesSequentially(TestNG.java:1142)
	at org.testng.TestNG.runSuitesLocally(TestNG.java:1064)
	at org.testng.TestNG.runSuites(TestNG.java:994)
	at org.testng.TestNG.run(TestNG.java:962)
	at org.testng.remote.AbstractRemoteTestNG.run(AbstractRemoteTestNG.java:115)
	at org.testng.remote.RemoteTestNG.initAndRun(RemoteTestNG.java:251)
	at org.testng.remote.RemoteTestNG.main(RemoteTestNG.java:77)
</pre></div></td>
<td>4</td>
<td>TestSuite.OrderProductWithoutLogin@9d5509a</td></tr>
<tr>
<td title='TestSuite.OrderProductWithoutLogin.TC_09_22()'><b>TC_09_22</b><br>Test class: TestSuite.OrderProductWithoutLogin</td>
<td><div><pre>java.lang.AssertionError: Value is not correct: Expected: &quot;Email không hợp lệ&quot;; Actual: &quot;Cám ơn bạn. Đơn hàng của bạn đã được tiếp nhận.&quot;
	at Common.Utilities.assertString(Utilities.java:353)
	at Common.Utilities.assertTextValue(Utilities.java:303)
	at Common.Utilities.assertTextValueVisible(Utilities.java:310)
	at CommonScreen.PaymentInfoScreen.orderProductWithoutLogin(PaymentInfoScreen.java:47)
	at TestSuite.OrderProductWithoutLogin.TC_09_22(OrderProductWithoutLogin.java:135)
... Removed 26 stack frames</pre></div><a href='#' onClick='toggleBox("stack-trace274888662", this, "Click to show all stack frames", "Click to hide stack frames")'>Click to show all stack frames</a>
<div class='stack-trace' id='stack-trace274888662'><pre>java.lang.AssertionError: Value is not correct: Expected: &quot;Email không hợp lệ&quot;; Actual: &quot;Cám ơn bạn. Đơn hàng của bạn đã được tiếp nhận.&quot;
	at org.testng.Assert.fail(Assert.java:97)
	at Common.Utilities.assertString(Utilities.java:353)
	at Common.Utilities.assertTextValue(Utilities.java:303)
	at Common.Utilities.assertTextValueVisible(Utilities.java:310)
	at CommonScreen.PaymentInfoScreen.orderProductWithoutLogin(PaymentInfoScreen.java:47)
	at TestSuite.OrderProductWithoutLogin.TC_09_22(OrderProductWithoutLogin.java:135)
	at java.base/jdk.internal.reflect.NativeMethodAccessorImpl.invoke0(Native Method)
	at java.base/jdk.internal.reflect.NativeMethodAccessorImpl.invoke(NativeMethodAccessorImpl.java:77)
	at java.base/jdk.internal.reflect.DelegatingMethodAccessorImpl.invoke(DelegatingMethodAccessorImpl.java:43)
	at java.base/java.lang.reflect.Method.invoke(Method.java:568)
	at org.testng.internal.MethodInvocationHelper.invokeMethod(MethodInvocationHelper.java:131)
	at org.testng.internal.Invoker.invokeMethod(Invoker.java:687)
	at org.testng.internal.Invoker.invokeTestMethod(Invoker.java:821)
	at org.testng.internal.Invoker.invokeTestMethods(Invoker.java:1128)
	at org.testng.internal.TestMethodWorker.invokeTestMethods(TestMethodWorker.java:140)
	at org.testng.internal.TestMethodWorker.run(TestMethodWorker.java:122)
	at org.testng.TestRunner.privateRun(TestRunner.java:724)
	at org.testng.TestRunner.run(TestRunner.java:574)
	at org.testng.SuiteRunner.runTest(SuiteRunner.java:398)
	at org.testng.SuiteRunner.runSequentially(SuiteRunner.java:392)
	at org.testng.SuiteRunner.privateRun(SuiteRunner.java:354)
	at org.testng.SuiteRunner.run(SuiteRunner.java:302)
	at org.testng.SuiteRunnerWorker.runSuite(SuiteRunnerWorker.java:53)
	at org.testng.SuiteRunnerWorker.run(SuiteRunnerWorker.java:96)
	at org.testng.TestNG.runSuitesSequentially(TestNG.java:1142)
	at org.testng.TestNG.runSuitesLocally(TestNG.java:1064)
	at org.testng.TestNG.runSuites(TestNG.java:994)
	at org.testng.TestNG.run(TestNG.java:962)
	at org.testng.remote.AbstractRemoteTestNG.run(AbstractRemoteTestNG.java:115)
	at org.testng.remote.RemoteTestNG.initAndRun(RemoteTestNG.java:251)
	at org.testng.remote.RemoteTestNG.main(RemoteTestNG.java:77)
</pre></div></td>
<td>4</td>
<td>TestSuite.OrderProductWithoutLogin@9d5509a</td></tr>
<tr>
<td title='TestSuite.OrderProductWithoutLogin.TC_09_23()'><b>TC_09_23</b><br>Test class: TestSuite.OrderProductWithoutLogin</td>
<td><div><pre>java.lang.AssertionError: Value is not correct: Expected: &quot;Email không hợp lệ&quot;; Actual: &quot;Cám ơn bạn. Đơn hàng của bạn đã được tiếp nhận.&quot;
	at Common.Utilities.assertString(Utilities.java:353)
	at Common.Utilities.assertTextValue(Utilities.java:303)
	at Common.Utilities.assertTextValueVisible(Utilities.java:310)
	at CommonScreen.PaymentInfoScreen.orderProductWithoutLogin(PaymentInfoScreen.java:47)
	at TestSuite.OrderProductWithoutLogin.TC_09_23(OrderProductWithoutLogin.java:140)
... Removed 26 stack frames</pre></div><a href='#' onClick='toggleBox("stack-trace700361806", this, "Click to show all stack frames", "Click to hide stack frames")'>Click to show all stack frames</a>
<div class='stack-trace' id='stack-trace700361806'><pre>java.lang.AssertionError: Value is not correct: Expected: &quot;Email không hợp lệ&quot;; Actual: &quot;Cám ơn bạn. Đơn hàng của bạn đã được tiếp nhận.&quot;
	at org.testng.Assert.fail(Assert.java:97)
	at Common.Utilities.assertString(Utilities.java:353)
	at Common.Utilities.assertTextValue(Utilities.java:303)
	at Common.Utilities.assertTextValueVisible(Utilities.java:310)
	at CommonScreen.PaymentInfoScreen.orderProductWithoutLogin(PaymentInfoScreen.java:47)
	at TestSuite.OrderProductWithoutLogin.TC_09_23(OrderProductWithoutLogin.java:140)
	at java.base/jdk.internal.reflect.NativeMethodAccessorImpl.invoke0(Native Method)
	at java.base/jdk.internal.reflect.NativeMethodAccessorImpl.invoke(NativeMethodAccessorImpl.java:77)
	at java.base/jdk.internal.reflect.DelegatingMethodAccessorImpl.invoke(DelegatingMethodAccessorImpl.java:43)
	at java.base/java.lang.reflect.Method.invoke(Method.java:568)
	at org.testng.internal.MethodInvocationHelper.invokeMethod(MethodInvocationHelper.java:131)
	at org.testng.internal.Invoker.invokeMethod(Invoker.java:687)
	at org.testng.internal.Invoker.invokeTestMethod(Invoker.java:821)
	at org.testng.internal.Invoker.invokeTestMethods(Invoker.java:1128)
	at org.testng.internal.TestMethodWorker.invokeTestMethods(TestMethodWorker.java:140)
	at org.testng.internal.TestMethodWorker.run(TestMethodWorker.java:122)
	at org.testng.TestRunner.privateRun(TestRunner.java:724)
	at org.testng.TestRunner.run(TestRunner.java:574)
	at org.testng.SuiteRunner.runTest(SuiteRunner.java:398)
	at org.testng.SuiteRunner.runSequentially(SuiteRunner.java:392)
	at org.testng.SuiteRunner.privateRun(SuiteRunner.java:354)
	at org.testng.SuiteRunner.run(SuiteRunner.java:302)
	at org.testng.SuiteRunnerWorker.runSuite(SuiteRunnerWorker.java:53)
	at org.testng.SuiteRunnerWorker.run(SuiteRunnerWorker.java:96)
	at org.testng.TestNG.runSuitesSequentially(TestNG.java:1142)
	at org.testng.TestNG.runSuitesLocally(TestNG.java:1064)
	at org.testng.TestNG.runSuites(TestNG.java:994)
	at org.testng.TestNG.run(TestNG.java:962)
	at org.testng.remote.AbstractRemoteTestNG.run(AbstractRemoteTestNG.java:115)
	at org.testng.remote.RemoteTestNG.initAndRun(RemoteTestNG.java:251)
	at org.testng.remote.RemoteTestNG.main(RemoteTestNG.java:77)
</pre></div></td>
<td>5</td>
<td>TestSuite.OrderProductWithoutLogin@9d5509a</td></tr>
<tr>
<td title='TestSuite.OrderProductWithoutLogin.TC_09_24()'><b>TC_09_24</b><br>Test class: TestSuite.OrderProductWithoutLogin</td>
<td><div><pre>java.lang.AssertionError: Value is not correct: Expected: &quot;Email không hợp lệ&quot;; Actual: &quot;Cám ơn bạn. Đơn hàng của bạn đã được tiếp nhận.&quot;
	at Common.Utilities.assertString(Utilities.java:353)
	at Common.Utilities.assertTextValue(Utilities.java:303)
	at Common.Utilities.assertTextValueVisible(Utilities.java:310)
	at CommonScreen.PaymentInfoScreen.orderProductWithoutLogin(PaymentInfoScreen.java:47)
	at TestSuite.OrderProductWithoutLogin.TC_09_24(OrderProductWithoutLogin.java:145)
... Removed 26 stack frames</pre></div><a href='#' onClick='toggleBox("stack-trace459885056", this, "Click to show all stack frames", "Click to hide stack frames")'>Click to show all stack frames</a>
<div class='stack-trace' id='stack-trace459885056'><pre>java.lang.AssertionError: Value is not correct: Expected: &quot;Email không hợp lệ&quot;; Actual: &quot;Cám ơn bạn. Đơn hàng của bạn đã được tiếp nhận.&quot;
	at org.testng.Assert.fail(Assert.java:97)
	at Common.Utilities.assertString(Utilities.java:353)
	at Common.Utilities.assertTextValue(Utilities.java:303)
	at Common.Utilities.assertTextValueVisible(Utilities.java:310)
	at CommonScreen.PaymentInfoScreen.orderProductWithoutLogin(PaymentInfoScreen.java:47)
	at TestSuite.OrderProductWithoutLogin.TC_09_24(OrderProductWithoutLogin.java:145)
	at java.base/jdk.internal.reflect.NativeMethodAccessorImpl.invoke0(Native Method)
	at java.base/jdk.internal.reflect.NativeMethodAccessorImpl.invoke(NativeMethodAccessorImpl.java:77)
	at java.base/jdk.internal.reflect.DelegatingMethodAccessorImpl.invoke(DelegatingMethodAccessorImpl.java:43)
	at java.base/java.lang.reflect.Method.invoke(Method.java:568)
	at org.testng.internal.MethodInvocationHelper.invokeMethod(MethodInvocationHelper.java:131)
	at org.testng.internal.Invoker.invokeMethod(Invoker.java:687)
	at org.testng.internal.Invoker.invokeTestMethod(Invoker.java:821)
	at org.testng.internal.Invoker.invokeTestMethods(Invoker.java:1128)
	at org.testng.internal.TestMethodWorker.invokeTestMethods(TestMethodWorker.java:140)
	at org.testng.internal.TestMethodWorker.run(TestMethodWorker.java:122)
	at org.testng.TestRunner.privateRun(TestRunner.java:724)
	at org.testng.TestRunner.run(TestRunner.java:574)
	at org.testng.SuiteRunner.runTest(SuiteRunner.java:398)
	at org.testng.SuiteRunner.runSequentially(SuiteRunner.java:392)
	at org.testng.SuiteRunner.privateRun(SuiteRunner.java:354)
	at org.testng.SuiteRunner.run(SuiteRunner.java:302)
	at org.testng.SuiteRunnerWorker.runSuite(SuiteRunnerWorker.java:53)
	at org.testng.SuiteRunnerWorker.run(SuiteRunnerWorker.java:96)
	at org.testng.TestNG.runSuitesSequentially(TestNG.java:1142)
	at org.testng.TestNG.runSuitesLocally(TestNG.java:1064)
	at org.testng.TestNG.runSuites(TestNG.java:994)
	at org.testng.TestNG.run(TestNG.java:962)
	at org.testng.remote.AbstractRemoteTestNG.run(AbstractRemoteTestNG.java:115)
	at org.testng.remote.RemoteTestNG.initAndRun(RemoteTestNG.java:251)
	at org.testng.remote.RemoteTestNG.main(RemoteTestNG.java:77)
</pre></div></td>
<td>4</td>
<td>TestSuite.OrderProductWithoutLogin@9d5509a</td></tr>
<tr>
<td title='TestSuite.OrderProductWithoutLogin.TC_09_25()'><b>TC_09_25</b><br>Test class: TestSuite.OrderProductWithoutLogin</td>
<td><div><pre>java.lang.AssertionError: Value is not correct: Expected: &quot;Email không hợp lệ&quot;; Actual: &quot;Cám ơn bạn. Đơn hàng của bạn đã được tiếp nhận.&quot;
	at Common.Utilities.assertString(Utilities.java:353)
	at Common.Utilities.assertTextValue(Utilities.java:303)
	at Common.Utilities.assertTextValueVisible(Utilities.java:310)
	at CommonScreen.PaymentInfoScreen.orderProductWithoutLogin(PaymentInfoScreen.java:47)
	at TestSuite.OrderProductWithoutLogin.TC_09_25(OrderProductWithoutLogin.java:150)
... Removed 26 stack frames</pre></div><a href='#' onClick='toggleBox("stack-trace691650464", this, "Click to show all stack frames", "Click to hide stack frames")'>Click to show all stack frames</a>
<div class='stack-trace' id='stack-trace691650464'><pre>java.lang.AssertionError: Value is not correct: Expected: &quot;Email không hợp lệ&quot;; Actual: &quot;Cám ơn bạn. Đơn hàng của bạn đã được tiếp nhận.&quot;
	at org.testng.Assert.fail(Assert.java:97)
	at Common.Utilities.assertString(Utilities.java:353)
	at Common.Utilities.assertTextValue(Utilities.java:303)
	at Common.Utilities.assertTextValueVisible(Utilities.java:310)
	at CommonScreen.PaymentInfoScreen.orderProductWithoutLogin(PaymentInfoScreen.java:47)
	at TestSuite.OrderProductWithoutLogin.TC_09_25(OrderProductWithoutLogin.java:150)
	at java.base/jdk.internal.reflect.NativeMethodAccessorImpl.invoke0(Native Method)
	at java.base/jdk.internal.reflect.NativeMethodAccessorImpl.invoke(NativeMethodAccessorImpl.java:77)
	at java.base/jdk.internal.reflect.DelegatingMethodAccessorImpl.invoke(DelegatingMethodAccessorImpl.java:43)
	at java.base/java.lang.reflect.Method.invoke(Method.java:568)
	at org.testng.internal.MethodInvocationHelper.invokeMethod(MethodInvocationHelper.java:131)
	at org.testng.internal.Invoker.invokeMethod(Invoker.java:687)
	at org.testng.internal.Invoker.invokeTestMethod(Invoker.java:821)
	at org.testng.internal.Invoker.invokeTestMethods(Invoker.java:1128)
	at org.testng.internal.TestMethodWorker.invokeTestMethods(TestMethodWorker.java:140)
	at org.testng.internal.TestMethodWorker.run(TestMethodWorker.java:122)
	at org.testng.TestRunner.privateRun(TestRunner.java:724)
	at org.testng.TestRunner.run(TestRunner.java:574)
	at org.testng.SuiteRunner.runTest(SuiteRunner.java:398)
	at org.testng.SuiteRunner.runSequentially(SuiteRunner.java:392)
	at org.testng.SuiteRunner.privateRun(SuiteRunner.java:354)
	at org.testng.SuiteRunner.run(SuiteRunner.java:302)
	at org.testng.SuiteRunnerWorker.runSuite(SuiteRunnerWorker.java:53)
	at org.testng.SuiteRunnerWorker.run(SuiteRunnerWorker.java:96)
	at org.testng.TestNG.runSuitesSequentially(TestNG.java:1142)
	at org.testng.TestNG.runSuitesLocally(TestNG.java:1064)
	at org.testng.TestNG.runSuites(TestNG.java:994)
	at org.testng.TestNG.run(TestNG.java:962)
	at org.testng.remote.AbstractRemoteTestNG.run(AbstractRemoteTestNG.java:115)
	at org.testng.remote.RemoteTestNG.initAndRun(RemoteTestNG.java:251)
	at org.testng.remote.RemoteTestNG.main(RemoteTestNG.java:77)
</pre></div></td>
<td>5</td>
<td>TestSuite.OrderProductWithoutLogin@9d5509a</td></tr>
<tr>
<td title='TestSuite.OrderProductWithoutLogin.TC_09_28()'><b>TC_09_28</b><br>Test class: TestSuite.OrderProductWithoutLogin</td>
<td><div><pre>java.lang.AssertionError: Value is not correct: Expected: &quot;Địa chỉ giao hàng không được để trống&quot;; Actual: &quot;Địa chỉ nhận hàng không được để trống&quot;
	at Common.Utilities.assertString(Utilities.java:353)
	at Common.Utilities.assertTextValue(Utilities.java:303)
	at Common.Utilities.assertTextValueVisible(Utilities.java:310)
	at CommonScreen.PaymentInfoScreen.orderProductWithoutLogin(PaymentInfoScreen.java:47)
	at TestSuite.OrderProductWithoutLogin.TC_09_28(OrderProductWithoutLogin.java:165)
... Removed 26 stack frames</pre></div><a href='#' onClick='toggleBox("stack-trace899323694", this, "Click to show all stack frames", "Click to hide stack frames")'>Click to show all stack frames</a>
<div class='stack-trace' id='stack-trace899323694'><pre>java.lang.AssertionError: Value is not correct: Expected: &quot;Địa chỉ giao hàng không được để trống&quot;; Actual: &quot;Địa chỉ nhận hàng không được để trống&quot;
	at org.testng.Assert.fail(Assert.java:97)
	at Common.Utilities.assertString(Utilities.java:353)
	at Common.Utilities.assertTextValue(Utilities.java:303)
	at Common.Utilities.assertTextValueVisible(Utilities.java:310)
	at CommonScreen.PaymentInfoScreen.orderProductWithoutLogin(PaymentInfoScreen.java:47)
	at TestSuite.OrderProductWithoutLogin.TC_09_28(OrderProductWithoutLogin.java:165)
	at java.base/jdk.internal.reflect.NativeMethodAccessorImpl.invoke0(Native Method)
	at java.base/jdk.internal.reflect.NativeMethodAccessorImpl.invoke(NativeMethodAccessorImpl.java:77)
	at java.base/jdk.internal.reflect.DelegatingMethodAccessorImpl.invoke(DelegatingMethodAccessorImpl.java:43)
	at java.base/java.lang.reflect.Method.invoke(Method.java:568)
	at org.testng.internal.MethodInvocationHelper.invokeMethod(MethodInvocationHelper.java:131)
	at org.testng.internal.Invoker.invokeMethod(Invoker.java:687)
	at org.testng.internal.Invoker.invokeTestMethod(Invoker.java:821)
	at org.testng.internal.Invoker.invokeTestMethods(Invoker.java:1128)
	at org.testng.internal.TestMethodWorker.invokeTestMethods(TestMethodWorker.java:140)
	at org.testng.internal.TestMethodWorker.run(TestMethodWorker.java:122)
	at org.testng.TestRunner.privateRun(TestRunner.java:724)
	at org.testng.TestRunner.run(TestRunner.java:574)
	at org.testng.SuiteRunner.runTest(SuiteRunner.java:398)
	at org.testng.SuiteRunner.runSequentially(SuiteRunner.java:392)
	at org.testng.SuiteRunner.privateRun(SuiteRunner.java:354)
	at org.testng.SuiteRunner.run(SuiteRunner.java:302)
	at org.testng.SuiteRunnerWorker.runSuite(SuiteRunnerWorker.java:53)
	at org.testng.SuiteRunnerWorker.run(SuiteRunnerWorker.java:96)
	at org.testng.TestNG.runSuitesSequentially(TestNG.java:1142)
	at org.testng.TestNG.runSuitesLocally(TestNG.java:1064)
	at org.testng.TestNG.runSuites(TestNG.java:994)
	at org.testng.TestNG.run(TestNG.java:962)
	at org.testng.remote.AbstractRemoteTestNG.run(AbstractRemoteTestNG.java:115)
	at org.testng.remote.RemoteTestNG.initAndRun(RemoteTestNG.java:251)
	at org.testng.remote.RemoteTestNG.main(RemoteTestNG.java:77)
</pre></div></td>
<td>4</td>
<td>TestSuite.OrderProductWithoutLogin@9d5509a</td></tr>
<tr>
<td title='TestSuite.OrderProductWithoutLogin.TC_09_29()'><b>TC_09_29</b><br>Test class: TestSuite.OrderProductWithoutLogin</td>
<td><div><pre>java.lang.AssertionError: Value is not correct: Expected: &quot;Địa chỉ giao hàng không được để trống&quot;; Actual: &quot;Địa chỉ nhận hàng không được để trống&quot;
	at Common.Utilities.assertString(Utilities.java:353)
	at Common.Utilities.assertTextValue(Utilities.java:303)
	at Common.Utilities.assertTextValueVisible(Utilities.java:310)
	at CommonScreen.PaymentInfoScreen.orderProductWithoutLogin(PaymentInfoScreen.java:47)
	at TestSuite.OrderProductWithoutLogin.TC_09_29(OrderProductWithoutLogin.java:170)
... Removed 26 stack frames</pre></div><a href='#' onClick='toggleBox("stack-trace2077242722", this, "Click to show all stack frames", "Click to hide stack frames")'>Click to show all stack frames</a>
<div class='stack-trace' id='stack-trace2077242722'><pre>java.lang.AssertionError: Value is not correct: Expected: &quot;Địa chỉ giao hàng không được để trống&quot;; Actual: &quot;Địa chỉ nhận hàng không được để trống&quot;
	at org.testng.Assert.fail(Assert.java:97)
	at Common.Utilities.assertString(Utilities.java:353)
	at Common.Utilities.assertTextValue(Utilities.java:303)
	at Common.Utilities.assertTextValueVisible(Utilities.java:310)
	at CommonScreen.PaymentInfoScreen.orderProductWithoutLogin(PaymentInfoScreen.java:47)
	at TestSuite.OrderProductWithoutLogin.TC_09_29(OrderProductWithoutLogin.java:170)
	at java.base/jdk.internal.reflect.NativeMethodAccessorImpl.invoke0(Native Method)
	at java.base/jdk.internal.reflect.NativeMethodAccessorImpl.invoke(NativeMethodAccessorImpl.java:77)
	at java.base/jdk.internal.reflect.DelegatingMethodAccessorImpl.invoke(DelegatingMethodAccessorImpl.java:43)
	at java.base/java.lang.reflect.Method.invoke(Method.java:568)
	at org.testng.internal.MethodInvocationHelper.invokeMethod(MethodInvocationHelper.java:131)
	at org.testng.internal.Invoker.invokeMethod(Invoker.java:687)
	at org.testng.internal.Invoker.invokeTestMethod(Invoker.java:821)
	at org.testng.internal.Invoker.invokeTestMethods(Invoker.java:1128)
	at org.testng.internal.TestMethodWorker.invokeTestMethods(TestMethodWorker.java:140)
	at org.testng.internal.TestMethodWorker.run(TestMethodWorker.java:122)
	at org.testng.TestRunner.privateRun(TestRunner.java:724)
	at org.testng.TestRunner.run(TestRunner.java:574)
	at org.testng.SuiteRunner.runTest(SuiteRunner.java:398)
	at org.testng.SuiteRunner.runSequentially(SuiteRunner.java:392)
	at org.testng.SuiteRunner.privateRun(SuiteRunner.java:354)
	at org.testng.SuiteRunner.run(SuiteRunner.java:302)
	at org.testng.SuiteRunnerWorker.runSuite(SuiteRunnerWorker.java:53)
	at org.testng.SuiteRunnerWorker.run(SuiteRunnerWorker.java:96)
	at org.testng.TestNG.runSuitesSequentially(TestNG.java:1142)
	at org.testng.TestNG.runSuitesLocally(TestNG.java:1064)
	at org.testng.TestNG.runSuites(TestNG.java:994)
	at org.testng.TestNG.run(TestNG.java:962)
	at org.testng.remote.AbstractRemoteTestNG.run(AbstractRemoteTestNG.java:115)
	at org.testng.remote.RemoteTestNG.initAndRun(RemoteTestNG.java:251)
	at org.testng.remote.RemoteTestNG.main(RemoteTestNG.java:77)
</pre></div></td>
<td>4</td>
<td>TestSuite.OrderProductWithoutLogin@9d5509a</td></tr>
</table><p>
<table width='100%' border='1' class='invocation-passed'>
<tr><td colspan='4' align='center'><b>PASSED TESTS</b></td></tr>
<tr><td><b>Test method</b></td>
<td width="30%"><b>Exception</b></td>
<td width="10%"><b>Time (seconds)</b></td>
<td><b>Instance</b></td>
</tr>
<tr>
<td title='TestSuite.OrderProductWithoutLogin.TC_09_01()'><b>TC_09_01</b><br>Test class: TestSuite.OrderProductWithoutLogin</td>
<td></td>
<td>5</td>
<td>TestSuite.OrderProductWithoutLogin@9d5509a</td></tr>
<tr>
<td title='TestSuite.OrderProductWithoutLogin.TC_09_02()'><b>TC_09_02</b><br>Test class: TestSuite.OrderProductWithoutLogin</td>
<td></td>
<td>4</td>
<td>TestSuite.OrderProductWithoutLogin@9d5509a</td></tr>
<tr>
<td title='TestSuite.OrderProductWithoutLogin.TC_09_03()'><b>TC_09_03</b><br>Test class: TestSuite.OrderProductWithoutLogin</td>
<td></td>
<td>5</td>
<td>TestSuite.OrderProductWithoutLogin@9d5509a</td></tr>
<tr>
<td title='TestSuite.OrderProductWithoutLogin.TC_09_04()'><b>TC_09_04</b><br>Test class: TestSuite.OrderProductWithoutLogin</td>
<td></td>
<td>4</td>
<td>TestSuite.OrderProductWithoutLogin@9d5509a</td></tr>
<tr>
<td title='TestSuite.OrderProductWithoutLogin.TC_09_05()'><b>TC_09_05</b><br>Test class: TestSuite.OrderProductWithoutLogin</td>
<td></td>
<td>4</td>
<td>TestSuite.OrderProductWithoutLogin@9d5509a</td></tr>
<tr>
<td title='TestSuite.OrderProductWithoutLogin.TC_09_06()'><b>TC_09_06</b><br>Test class: TestSuite.OrderProductWithoutLogin</td>
<td></td>
<td>4</td>
<td>TestSuite.OrderProductWithoutLogin@9d5509a</td></tr>
<tr>
<td title='TestSuite.OrderProductWithoutLogin.TC_09_07()'><b>TC_09_07</b><br>Test class: TestSuite.OrderProductWithoutLogin</td>
<td></td>
<td>4</td>
<td>TestSuite.OrderProductWithoutLogin@9d5509a</td></tr>
<tr>
<td title='TestSuite.OrderProductWithoutLogin.TC_09_08()'><b>TC_09_08</b><br>Test class: TestSuite.OrderProductWithoutLogin</td>
<td></td>
<td>5</td>
<td>TestSuite.OrderProductWithoutLogin@9d5509a</td></tr>
<tr>
<td title='TestSuite.OrderProductWithoutLogin.TC_09_09()'><b>TC_09_09</b><br>Test class: TestSuite.OrderProductWithoutLogin</td>
<td></td>
<td>4</td>
<td>TestSuite.OrderProductWithoutLogin@9d5509a</td></tr>
<tr>
<td title='TestSuite.OrderProductWithoutLogin.TC_09_15()'><b>TC_09_15</b><br>Test class: TestSuite.OrderProductWithoutLogin</td>
<td></td>
<td>4</td>
<td>TestSuite.OrderProductWithoutLogin@9d5509a</td></tr>
<tr>
<td title='TestSuite.OrderProductWithoutLogin.TC_09_18()'><b>TC_09_18</b><br>Test class: TestSuite.OrderProductWithoutLogin</td>
<td></td>
<td>4</td>
<td>TestSuite.OrderProductWithoutLogin@9d5509a</td></tr>
<tr>
<td title='TestSuite.OrderProductWithoutLogin.TC_09_19()'><b>TC_09_19</b><br>Test class: TestSuite.OrderProductWithoutLogin</td>
<td></td>
<td>4</td>
<td>TestSuite.OrderProductWithoutLogin@9d5509a</td></tr>
<tr>
<td title='TestSuite.OrderProductWithoutLogin.TC_09_20()'><b>TC_09_20</b><br>Test class: TestSuite.OrderProductWithoutLogin</td>
<td></td>
<td>4</td>
<td>TestSuite.OrderProductWithoutLogin@9d5509a</td></tr>
<tr>
<td title='TestSuite.OrderProductWithoutLogin.TC_09_26()'><b>TC_09_26</b><br>Test class: TestSuite.OrderProductWithoutLogin</td>
<td></td>
<td>4</td>
<td>TestSuite.OrderProductWithoutLogin@9d5509a</td></tr>
<tr>
<td title='TestSuite.OrderProductWithoutLogin.TC_09_27()'><b>TC_09_27</b><br>Test class: TestSuite.OrderProductWithoutLogin</td>
<td></td>
<td>5</td>
<td>TestSuite.OrderProductWithoutLogin@9d5509a</td></tr>
<tr>
<td title='TestSuite.OrderProductWithoutLogin.TC_09_30()'><b>TC_09_30</b><br>Test class: TestSuite.OrderProductWithoutLogin</td>
<td></td>
<td>4</td>
<td>TestSuite.OrderProductWithoutLogin@9d5509a</td></tr>
<tr>
<td title='TestSuite.OrderProductWithoutLogin.TC_09_31()'><b>TC_09_31</b><br>Test class: TestSuite.OrderProductWithoutLogin</td>
<td></td>
<td>4</td>
<td>TestSuite.OrderProductWithoutLogin@9d5509a</td></tr>
<tr>
<td title='TestSuite.OrderProductWithoutLogin.TC_09_32()'><b>TC_09_32</b><br>Test class: TestSuite.OrderProductWithoutLogin</td>
<td></td>
<td>4</td>
<td>TestSuite.OrderProductWithoutLogin@9d5509a</td></tr>
<tr>
<td title='TestSuite.OrderProductWithoutLogin.TC_09_33()'><b>TC_09_33</b><br>Test class: TestSuite.OrderProductWithoutLogin</td>
<td></td>
<td>4</td>
<td>TestSuite.OrderProductWithoutLogin@9d5509a</td></tr>
<tr>
<td title='TestSuite.OrderProductWithoutLogin.TC_09_34()'><b>TC_09_34</b><br>Test class: TestSuite.OrderProductWithoutLogin</td>
<td></td>
<td>4</td>
<td>TestSuite.OrderProductWithoutLogin@9d5509a</td></tr>
<tr>
<td title='TestSuite.OrderProductWithoutLogin.TC_09_35()'><b>TC_09_35</b><br>Test class: TestSuite.OrderProductWithoutLogin</td>
<td></td>
<td>5</td>
<td>TestSuite.OrderProductWithoutLogin@9d5509a</td></tr>
<tr>
<td title='TestSuite.OrderProductWithoutLogin.TC_09_36()'><b>TC_09_36</b><br>Test class: TestSuite.OrderProductWithoutLogin</td>
<td></td>
<td>4</td>
<td>TestSuite.OrderProductWithoutLogin@9d5509a</td></tr>
<tr>
<td title='TestSuite.OrderProductWithoutLogin.TC_09_37()'><b>TC_09_37</b><br>Test class: TestSuite.OrderProductWithoutLogin</td>
<td></td>
<td>4</td>
<td>TestSuite.OrderProductWithoutLogin@9d5509a</td></tr>
</table><p>
</body>
</html>