<?xml version="1.0" encoding="UTF-8"?>
<!-- Generated by org.testng.reporters.JUnitReportReporter -->
<testsuite hostname="anhhn-HP-EliteBook-8470p" failures="1" tests="9" name="TestSuite.OrderWithLogin" time="7.315" errors="0" timestamp="2023-05-24T00:09:54 ICT" skipped="8">
  <testcase classname="TestSuite.OrderWithLogin" name="setUpClass" time="7.296">
    <failure message="Could not input data: no such window: target window already closed
from unknown error: web view not found
  (Session info: chrome=113.0.5672.126)
Build info: version: &#039;3.141.59&#039;, revision: &#039;e82be7d358&#039;, time: &#039;2018-11-14T08:25:48&#039;
System info: host: &#039;anhhn-HP-EliteBook-8470p&#039;, ip: &#039;127.0.1.1&#039;, os.name: &#039;Linux&#039;, os.arch: &#039;amd64&#039;, os.version: &#039;5.19.0-42-generic&#039;, java.version: &#039;17.0.6&#039;
Driver info: org.openqa.selenium.chrome.ChromeDriver
Capabilities {acceptInsecureCerts: false, browserName: chrome, browserVersion: 113.0.5672.126, chrome: {chromedriverVersion: 112.0.5615.49 (bd2a7bcb881c..., userDataDir: /tmp/.com.google.Chrome.iJl3eU}, goog:chromeOptions: {debuggerAddress: localhost:45241}, javascriptEnabled: true, networkConnectionEnabled: false, pageLoadStrategy: normal, platform: LINUX, platformName: LINUX, proxy: Proxy(), setWindowRect: true, strictFileInteractability: false, timeouts: {implicit: 0, pageLoad: 300000, script: 30000}, unhandledPromptBehavior: dismiss and notify, webauthn:extension:credBlob: true, webauthn:extension:largeBlob: true, webauthn:extension:minPinLength: true, webauthn:extension:prf: true, webauthn:virtualAuthenticators: true}
Session ID: 36edf9f0f80308e2c9533f893514b679
*** Element info: {Using=id, value=phone}" type="java.lang.AssertionError">
      <![CDATA[java.lang.AssertionError: Could not input data: no such window: target window already closed
from unknown error: web view not found
  (Session info: chrome=113.0.5672.126)
Build info: version: '3.141.59', revision: 'e82be7d358', time: '2018-11-14T08:25:48'
System info: host: 'anhhn-HP-EliteBook-8470p', ip: '127.0.1.1', os.name: 'Linux', os.arch: 'amd64', os.version: '5.19.0-42-generic', java.version: '17.0.6'
Driver info: org.openqa.selenium.chrome.ChromeDriver
Capabilities {acceptInsecureCerts: false, browserName: chrome, browserVersion: 113.0.5672.126, chrome: {chromedriverVersion: 112.0.5615.49 (bd2a7bcb881c..., userDataDir: /tmp/.com.google.Chrome.iJl3eU}, goog:chromeOptions: {debuggerAddress: localhost:45241}, javascriptEnabled: true, networkConnectionEnabled: false, pageLoadStrategy: normal, platform: LINUX, platformName: LINUX, proxy: Proxy(), setWindowRect: true, strictFileInteractability: false, timeouts: {implicit: 0, pageLoad: 300000, script: 30000}, unhandledPromptBehavior: dismiss and notify, webauthn:extension:credBlob: true, webauthn:extension:largeBlob: true, webauthn:extension:minPinLength: true, webauthn:extension:prf: true, webauthn:virtualAuthenticators: true}
Session ID: 36edf9f0f80308e2c9533f893514b679
*** Element info: {Using=id, value=phone}
at org.testng.Assert.fail(Assert.java:97)
at Common.Utilities.sendKeys(Utilities.java:281)
at Common.Utilities.inputValueAndValidate(Utilities.java:324)
at CommonScreen.LoginScreen.login(LoginScreen.java:41)
at CommonScreen.HomeScreen.openScreen(HomeScreen.java:43)
at TestSuite.OrderWithLogin.setUpClass(OrderWithLogin.java:20)
at java.base/jdk.internal.reflect.NativeMethodAccessorImpl.invoke0(Native Method)
at java.base/jdk.internal.reflect.NativeMethodAccessorImpl.invoke(NativeMethodAccessorImpl.java:77)
at java.base/jdk.internal.reflect.DelegatingMethodAccessorImpl.invoke(DelegatingMethodAccessorImpl.java:43)
at java.base/java.lang.reflect.Method.invoke(Method.java:568)
at org.testng.internal.MethodInvocationHelper.invokeMethod(MethodInvocationHelper.java:131)
at org.testng.internal.MethodInvocationHelper.invokeMethodConsideringTimeout(MethodInvocationHelper.java:61)
at org.testng.internal.Invoker.invokeConfigurationMethod(Invoker.java:519)
at org.testng.internal.Invoker.invokeConfigurations(Invoker.java:243)
at org.testng.internal.Invoker.invokeConfigurations(Invoker.java:145)
at org.testng.internal.TestMethodWorker.invokeBeforeClassMethods(TestMethodWorker.java:173)
at org.testng.internal.TestMethodWorker.run(TestMethodWorker.java:118)
at org.testng.TestRunner.privateRun(TestRunner.java:724)
at org.testng.TestRunner.run(TestRunner.java:574)
at org.testng.SuiteRunner.runTest(SuiteRunner.java:398)
at org.testng.SuiteRunner.runSequentially(SuiteRunner.java:392)
at org.testng.SuiteRunner.privateRun(SuiteRunner.java:354)
at org.testng.SuiteRunner.run(SuiteRunner.java:302)
at org.testng.SuiteRunnerWorker.runSuite(SuiteRunnerWorker.java:53)
at org.testng.SuiteRunnerWorker.run(SuiteRunnerWorker.java:96)
at org.testng.TestNG.runSuitesSequentially(TestNG.java:1142)
at org.testng.TestNG.runSuitesLocally(TestNG.java:1064)
at org.testng.TestNG.runSuites(TestNG.java:994)
at org.testng.TestNG.run(TestNG.java:962)
at org.testng.remote.AbstractRemoteTestNG.run(AbstractRemoteTestNG.java:115)
at org.testng.remote.RemoteTestNG.initAndRun(RemoteTestNG.java:251)
at org.testng.remote.RemoteTestNG.main(RemoteTestNG.java:77)
]]>
    </failure>
  </testcase> <!-- setUpClass -->
  <testcase classname="TestSuite.OrderWithLogin" name="ITS_08_05" time="0.002">
    <skipped/>
  </testcase> <!-- ITS_08_05 -->
  <testcase classname="TestSuite.OrderWithLogin" name="ITS_08_01" time="0.002">
    <skipped/>
  </testcase> <!-- ITS_08_01 -->
  <testcase classname="TestSuite.OrderWithLogin" name="ITS_08_08" time="0.002">
    <skipped/>
  </testcase> <!-- ITS_08_08 -->
  <testcase classname="TestSuite.OrderWithLogin" name="ITS_08_03" time="0.002">
    <skipped/>
  </testcase> <!-- ITS_08_03 -->
  <testcase classname="TestSuite.OrderWithLogin" name="ITS_08_06" time="0.002">
    <skipped/>
  </testcase> <!-- ITS_08_06 -->
  <testcase classname="TestSuite.OrderWithLogin" name="ITS_08_07" time="0.002">
    <skipped/>
  </testcase> <!-- ITS_08_07 -->
  <testcase classname="TestSuite.OrderWithLogin" name="ITS_08_02" time="0.007">
    <skipped/>
  </testcase> <!-- ITS_08_02 -->
  <testcase classname="TestSuite.OrderWithLogin" name="ITS_08_04" time="0.000">
    <skipped/>
  </testcase> <!-- ITS_08_04 -->
</testsuite> <!-- TestSuite.OrderWithLogin -->
